

Started GET "/" for 192.168.33.1 at 2014-11-11 21:30:21 +0900

ActiveRecord::NoDatabaseError (FATAL:  database "www_fc-hikaku_net_development" does not exist
Run `$ bin/rake db:create db:migrate` to create your database):
  activerecord (4.1.7) lib/active_record/connection_adapters/postgresql_adapter.rb:898:in `rescue in connect'
  activerecord (4.1.7) lib/active_record/connection_adapters/postgresql_adapter.rb:888:in `connect'
  activerecord (4.1.7) lib/active_record/connection_adapters/postgresql_adapter.rb:568:in `initialize'
  activerecord (4.1.7) lib/active_record/connection_adapters/postgresql_adapter.rb:41:in `new'
  activerecord (4.1.7) lib/active_record/connection_adapters/postgresql_adapter.rb:41:in `postgresql_connection'
  activerecord (4.1.7) lib/active_record/connection_adapters/abstract/connection_pool.rb:435:in `new_connection'
  activerecord (4.1.7) lib/active_record/connection_adapters/abstract/connection_pool.rb:445:in `checkout_new_connection'
  activerecord (4.1.7) lib/active_record/connection_adapters/abstract/connection_pool.rb:416:in `acquire_connection'
  activerecord (4.1.7) lib/active_record/connection_adapters/abstract/connection_pool.rb:351:in `block in checkout'
  /home/vagrant/.rbenv/versions/2.1.2/lib/ruby/2.1.0/monitor.rb:211:in `mon_synchronize'
  activerecord (4.1.7) lib/active_record/connection_adapters/abstract/connection_pool.rb:350:in `checkout'
  activerecord (4.1.7) lib/active_record/connection_adapters/abstract/connection_pool.rb:265:in `block in connection'
  /home/vagrant/.rbenv/versions/2.1.2/lib/ruby/2.1.0/monitor.rb:211:in `mon_synchronize'
  activerecord (4.1.7) lib/active_record/connection_adapters/abstract/connection_pool.rb:264:in `connection'
  activerecord (4.1.7) lib/active_record/connection_adapters/abstract/connection_pool.rb:541:in `retrieve_connection'
  activerecord (4.1.7) lib/active_record/connection_handling.rb:113:in `retrieve_connection'
  activerecord (4.1.7) lib/active_record/connection_handling.rb:87:in `connection'
  activerecord (4.1.7) lib/active_record/query_cache.rb:51:in `restore_query_cache_settings'
  activerecord (4.1.7) lib/active_record/query_cache.rb:43:in `rescue in call'
  activerecord (4.1.7) lib/active_record/query_cache.rb:32:in `call'
  activerecord (4.1.7) lib/active_record/connection_adapters/abstract/connection_pool.rb:621:in `call'
  activerecord (4.1.7) lib/active_record/migration.rb:380:in `call'
  actionpack (4.1.7) lib/action_dispatch/middleware/callbacks.rb:29:in `block in call'
  activesupport (4.1.7) lib/active_support/callbacks.rb:82:in `run_callbacks'
  actionpack (4.1.7) lib/action_dispatch/middleware/callbacks.rb:27:in `call'
  actionpack (4.1.7) lib/action_dispatch/middleware/reloader.rb:73:in `call'
  actionpack (4.1.7) lib/action_dispatch/middleware/remote_ip.rb:76:in `call'
  actionpack (4.1.7) lib/action_dispatch/middleware/debug_exceptions.rb:17:in `call'
  actionpack (4.1.7) lib/action_dispatch/middleware/show_exceptions.rb:30:in `call'
  railties (4.1.7) lib/rails/rack/logger.rb:38:in `call_app'
  railties (4.1.7) lib/rails/rack/logger.rb:20:in `block in call'
  activesupport (4.1.7) lib/active_support/tagged_logging.rb:68:in `block in tagged'
  activesupport (4.1.7) lib/active_support/tagged_logging.rb:26:in `tagged'
  activesupport (4.1.7) lib/active_support/tagged_logging.rb:68:in `tagged'
  railties (4.1.7) lib/rails/rack/logger.rb:20:in `call'
  actionpack (4.1.7) lib/action_dispatch/middleware/request_id.rb:21:in `call'
  rack (1.5.2) lib/rack/methodoverride.rb:21:in `call'
  rack (1.5.2) lib/rack/runtime.rb:17:in `call'
  activesupport (4.1.7) lib/active_support/cache/strategy/local_cache_middleware.rb:26:in `call'
  rack (1.5.2) lib/rack/lock.rb:17:in `call'
  actionpack (4.1.7) lib/action_dispatch/middleware/static.rb:84:in `call'
  rack (1.5.2) lib/rack/sendfile.rb:112:in `call'
  railties (4.1.7) lib/rails/engine.rb:514:in `call'
  railties (4.1.7) lib/rails/application.rb:144:in `call'
  rack (1.5.2) lib/rack/lock.rb:17:in `call'
  rack (1.5.2) lib/rack/content_length.rb:14:in `call'
  rack (1.5.2) lib/rack/handler/webrick.rb:60:in `service'
  /home/vagrant/.rbenv/versions/2.1.2/lib/ruby/2.1.0/webrick/httpserver.rb:138:in `service'
  /home/vagrant/.rbenv/versions/2.1.2/lib/ruby/2.1.0/webrick/httpserver.rb:94:in `run'
  /home/vagrant/.rbenv/versions/2.1.2/lib/ruby/2.1.0/webrick/server.rb:295:in `block in start_thread'


  Rendered /home/vagrant/.rbenv/versions/2.1.2/lib/ruby/gems/2.1.0/gems/actionpack-4.1.7/lib/action_dispatch/middleware/templates/rescues/_source.erb (0.4ms)
  Rendered /home/vagrant/.rbenv/versions/2.1.2/lib/ruby/gems/2.1.0/gems/actionpack-4.1.7/lib/action_dispatch/middleware/templates/rescues/_trace.html.erb (0.8ms)
  Rendered /home/vagrant/.rbenv/versions/2.1.2/lib/ruby/gems/2.1.0/gems/actionpack-4.1.7/lib/action_dispatch/middleware/templates/rescues/_request_and_response.html.erb (1.1ms)
  Rendered /home/vagrant/.rbenv/versions/2.1.2/lib/ruby/gems/2.1.0/gems/actionpack-4.1.7/lib/action_dispatch/middleware/templates/rescues/diagnostics.erb within rescues/layout (13.9ms)


Started GET "/" for 192.168.33.1 at 2014-11-11 21:30:51 +0900
Processing by Rails::WelcomeController#index as HTML
  Rendered /home/vagrant/.rbenv/versions/2.1.2/lib/ruby/gems/2.1.0/gems/railties-4.1.7/lib/rails/templates/rails/welcome/index.html.erb (2.7ms)
Completed 200 OK in 18ms (Views: 4.5ms | ActiveRecord: 0.0ms)


Started GET "/" for 192.168.33.1 at 2014-11-11 21:32:02 +0900
Processing by Rails::WelcomeController#index as HTML
  Rendered /home/vagrant/.rbenv/versions/2.1.2/lib/ruby/gems/2.1.0/gems/railties-4.1.7/lib/rails/templates/rails/welcome/index.html.erb (1.4ms)
Completed 200 OK in 37ms (Views: 8.6ms | ActiveRecord: 0.0ms)


Started GET "/" for 192.168.33.1 at 2014-11-11 21:32:02 +0900
Processing by Rails::WelcomeController#index as HTML
  Rendered /home/vagrant/.rbenv/versions/2.1.2/lib/ruby/gems/2.1.0/gems/railties-4.1.7/lib/rails/templates/rails/welcome/index.html.erb (0.0ms)
Completed 200 OK in 1ms (Views: 0.3ms | ActiveRecord: 0.0ms)


Started GET "/" for 192.168.33.1 at 2014-11-11 21:37:40 +0900
Processing by Rails::WelcomeController#index as HTML
  Rendered /home/vagrant/.rbenv/versions/2.1.2/lib/ruby/gems/2.1.0/gems/railties-4.1.7/lib/rails/templates/rails/welcome/index.html.erb (2.6ms)
Completed 200 OK in 30ms (Views: 13.5ms | ActiveRecord: 0.0ms)


Started GET "/" for 192.168.33.1 at 2014-11-11 22:31:52 +0900

PG::ConnectionBad (FATAL:  Ident authentication failed for user "vagrant"
):
  activerecord (4.1.7) lib/active_record/connection_adapters/postgresql_adapter.rb:888:in `initialize'
  activerecord (4.1.7) lib/active_record/connection_adapters/postgresql_adapter.rb:888:in `new'
  activerecord (4.1.7) lib/active_record/connection_adapters/postgresql_adapter.rb:888:in `connect'
  activerecord (4.1.7) lib/active_record/connection_adapters/postgresql_adapter.rb:568:in `initialize'
  activerecord (4.1.7) lib/active_record/connection_adapters/postgresql_adapter.rb:41:in `new'
  activerecord (4.1.7) lib/active_record/connection_adapters/postgresql_adapter.rb:41:in `postgresql_connection'
  activerecord (4.1.7) lib/active_record/connection_adapters/abstract/connection_pool.rb:435:in `new_connection'
  activerecord (4.1.7) lib/active_record/connection_adapters/abstract/connection_pool.rb:445:in `checkout_new_connection'
  activerecord (4.1.7) lib/active_record/connection_adapters/abstract/connection_pool.rb:416:in `acquire_connection'
  activerecord (4.1.7) lib/active_record/connection_adapters/abstract/connection_pool.rb:351:in `block in checkout'
  /home/vagrant/.rbenv/versions/2.1.2/lib/ruby/2.1.0/monitor.rb:211:in `mon_synchronize'
  activerecord (4.1.7) lib/active_record/connection_adapters/abstract/connection_pool.rb:350:in `checkout'
  activerecord (4.1.7) lib/active_record/connection_adapters/abstract/connection_pool.rb:265:in `block in connection'
  /home/vagrant/.rbenv/versions/2.1.2/lib/ruby/2.1.0/monitor.rb:211:in `mon_synchronize'
  activerecord (4.1.7) lib/active_record/connection_adapters/abstract/connection_pool.rb:264:in `connection'
  activerecord (4.1.7) lib/active_record/connection_adapters/abstract/connection_pool.rb:541:in `retrieve_connection'
  activerecord (4.1.7) lib/active_record/connection_handling.rb:113:in `retrieve_connection'
  activerecord (4.1.7) lib/active_record/connection_handling.rb:87:in `connection'
  activerecord (4.1.7) lib/active_record/query_cache.rb:51:in `restore_query_cache_settings'
  activerecord (4.1.7) lib/active_record/query_cache.rb:43:in `rescue in call'
  activerecord (4.1.7) lib/active_record/query_cache.rb:32:in `call'
  activerecord (4.1.7) lib/active_record/connection_adapters/abstract/connection_pool.rb:621:in `call'
  activerecord (4.1.7) lib/active_record/migration.rb:380:in `call'
  actionpack (4.1.7) lib/action_dispatch/middleware/callbacks.rb:29:in `block in call'
  activesupport (4.1.7) lib/active_support/callbacks.rb:82:in `run_callbacks'
  actionpack (4.1.7) lib/action_dispatch/middleware/callbacks.rb:27:in `call'
  actionpack (4.1.7) lib/action_dispatch/middleware/reloader.rb:73:in `call'
  actionpack (4.1.7) lib/action_dispatch/middleware/remote_ip.rb:76:in `call'
  actionpack (4.1.7) lib/action_dispatch/middleware/debug_exceptions.rb:17:in `call'
  actionpack (4.1.7) lib/action_dispatch/middleware/show_exceptions.rb:30:in `call'
  railties (4.1.7) lib/rails/rack/logger.rb:38:in `call_app'
  railties (4.1.7) lib/rails/rack/logger.rb:20:in `block in call'
  activesupport (4.1.7) lib/active_support/tagged_logging.rb:68:in `block in tagged'
  activesupport (4.1.7) lib/active_support/tagged_logging.rb:26:in `tagged'
  activesupport (4.1.7) lib/active_support/tagged_logging.rb:68:in `tagged'
  railties (4.1.7) lib/rails/rack/logger.rb:20:in `call'
  actionpack (4.1.7) lib/action_dispatch/middleware/request_id.rb:21:in `call'
  rack (1.5.2) lib/rack/methodoverride.rb:21:in `call'
  rack (1.5.2) lib/rack/runtime.rb:17:in `call'
  activesupport (4.1.7) lib/active_support/cache/strategy/local_cache_middleware.rb:26:in `call'
  rack (1.5.2) lib/rack/lock.rb:17:in `call'
  actionpack (4.1.7) lib/action_dispatch/middleware/static.rb:84:in `call'
  rack (1.5.2) lib/rack/sendfile.rb:112:in `call'
  railties (4.1.7) lib/rails/engine.rb:514:in `call'
  railties (4.1.7) lib/rails/application.rb:144:in `call'
  passenger (4.0.53) lib/phusion_passenger/rack/thread_handler_extension.rb:74:in `process_request'
  passenger (4.0.53) lib/phusion_passenger/request_handler/thread_handler.rb:141:in `accept_and_process_next_request'
  passenger (4.0.53) lib/phusion_passenger/request_handler/thread_handler.rb:109:in `main_loop'
  passenger (4.0.53) lib/phusion_passenger/request_handler.rb:455:in `block (3 levels) in start_threads'


  Rendered /home/vagrant/.rbenv/versions/2.1.2/lib/ruby/gems/2.1.0/gems/actionpack-4.1.7/lib/action_dispatch/middleware/templates/rescues/_source.erb (0.4ms)
  Rendered /home/vagrant/.rbenv/versions/2.1.2/lib/ruby/gems/2.1.0/gems/actionpack-4.1.7/lib/action_dispatch/middleware/templates/rescues/_trace.html.erb (0.7ms)
  Rendered /home/vagrant/.rbenv/versions/2.1.2/lib/ruby/gems/2.1.0/gems/actionpack-4.1.7/lib/action_dispatch/middleware/templates/rescues/_request_and_response.html.erb (0.9ms)
  Rendered /home/vagrant/.rbenv/versions/2.1.2/lib/ruby/gems/2.1.0/gems/actionpack-4.1.7/lib/action_dispatch/middleware/templates/rescues/diagnostics.erb within rescues/layout (15.9ms)


Started GET "/" for 192.168.33.1 at 2014-11-11 22:32:58 +0900

ActiveRecord::NoDatabaseError (FATAL:  role "vagrant" does not exist
Run `$ bin/rake db:create db:migrate` to create your database):
  activerecord (4.1.7) lib/active_record/connection_adapters/postgresql_adapter.rb:898:in `rescue in connect'
  activerecord (4.1.7) lib/active_record/connection_adapters/postgresql_adapter.rb:888:in `connect'
  activerecord (4.1.7) lib/active_record/connection_adapters/postgresql_adapter.rb:568:in `initialize'
  activerecord (4.1.7) lib/active_record/connection_adapters/postgresql_adapter.rb:41:in `new'
  activerecord (4.1.7) lib/active_record/connection_adapters/postgresql_adapter.rb:41:in `postgresql_connection'
  activerecord (4.1.7) lib/active_record/connection_adapters/abstract/connection_pool.rb:435:in `new_connection'
  activerecord (4.1.7) lib/active_record/connection_adapters/abstract/connection_pool.rb:445:in `checkout_new_connection'
  activerecord (4.1.7) lib/active_record/connection_adapters/abstract/connection_pool.rb:416:in `acquire_connection'
  activerecord (4.1.7) lib/active_record/connection_adapters/abstract/connection_pool.rb:351:in `block in checkout'
  /home/vagrant/.rbenv/versions/2.1.2/lib/ruby/2.1.0/monitor.rb:211:in `mon_synchronize'
  activerecord (4.1.7) lib/active_record/connection_adapters/abstract/connection_pool.rb:350:in `checkout'
  activerecord (4.1.7) lib/active_record/connection_adapters/abstract/connection_pool.rb:265:in `block in connection'
  /home/vagrant/.rbenv/versions/2.1.2/lib/ruby/2.1.0/monitor.rb:211:in `mon_synchronize'
  activerecord (4.1.7) lib/active_record/connection_adapters/abstract/connection_pool.rb:264:in `connection'
  activerecord (4.1.7) lib/active_record/connection_adapters/abstract/connection_pool.rb:541:in `retrieve_connection'
  activerecord (4.1.7) lib/active_record/connection_handling.rb:113:in `retrieve_connection'
  activerecord (4.1.7) lib/active_record/connection_handling.rb:87:in `connection'
  activerecord (4.1.7) lib/active_record/query_cache.rb:51:in `restore_query_cache_settings'
  activerecord (4.1.7) lib/active_record/query_cache.rb:43:in `rescue in call'
  activerecord (4.1.7) lib/active_record/query_cache.rb:32:in `call'
  activerecord (4.1.7) lib/active_record/connection_adapters/abstract/connection_pool.rb:621:in `call'
  activerecord (4.1.7) lib/active_record/migration.rb:380:in `call'
  actionpack (4.1.7) lib/action_dispatch/middleware/callbacks.rb:29:in `block in call'
  activesupport (4.1.7) lib/active_support/callbacks.rb:82:in `run_callbacks'
  actionpack (4.1.7) lib/action_dispatch/middleware/callbacks.rb:27:in `call'
  actionpack (4.1.7) lib/action_dispatch/middleware/reloader.rb:73:in `call'
  actionpack (4.1.7) lib/action_dispatch/middleware/remote_ip.rb:76:in `call'
  actionpack (4.1.7) lib/action_dispatch/middleware/debug_exceptions.rb:17:in `call'
  actionpack (4.1.7) lib/action_dispatch/middleware/show_exceptions.rb:30:in `call'
  railties (4.1.7) lib/rails/rack/logger.rb:38:in `call_app'
  railties (4.1.7) lib/rails/rack/logger.rb:20:in `block in call'
  activesupport (4.1.7) lib/active_support/tagged_logging.rb:68:in `block in tagged'
  activesupport (4.1.7) lib/active_support/tagged_logging.rb:26:in `tagged'
  activesupport (4.1.7) lib/active_support/tagged_logging.rb:68:in `tagged'
  railties (4.1.7) lib/rails/rack/logger.rb:20:in `call'
  actionpack (4.1.7) lib/action_dispatch/middleware/request_id.rb:21:in `call'
  rack (1.5.2) lib/rack/methodoverride.rb:21:in `call'
  rack (1.5.2) lib/rack/runtime.rb:17:in `call'
  activesupport (4.1.7) lib/active_support/cache/strategy/local_cache_middleware.rb:26:in `call'
  rack (1.5.2) lib/rack/lock.rb:17:in `call'
  actionpack (4.1.7) lib/action_dispatch/middleware/static.rb:84:in `call'
  rack (1.5.2) lib/rack/sendfile.rb:112:in `call'
  railties (4.1.7) lib/rails/engine.rb:514:in `call'
  railties (4.1.7) lib/rails/application.rb:144:in `call'
  passenger (4.0.53) lib/phusion_passenger/rack/thread_handler_extension.rb:74:in `process_request'
  passenger (4.0.53) lib/phusion_passenger/request_handler/thread_handler.rb:141:in `accept_and_process_next_request'
  passenger (4.0.53) lib/phusion_passenger/request_handler/thread_handler.rb:109:in `main_loop'
  passenger (4.0.53) lib/phusion_passenger/request_handler.rb:455:in `block (3 levels) in start_threads'


  Rendered /home/vagrant/.rbenv/versions/2.1.2/lib/ruby/gems/2.1.0/gems/actionpack-4.1.7/lib/action_dispatch/middleware/templates/rescues/_source.erb (0.5ms)
  Rendered /home/vagrant/.rbenv/versions/2.1.2/lib/ruby/gems/2.1.0/gems/actionpack-4.1.7/lib/action_dispatch/middleware/templates/rescues/_trace.html.erb (0.3ms)
  Rendered /home/vagrant/.rbenv/versions/2.1.2/lib/ruby/gems/2.1.0/gems/actionpack-4.1.7/lib/action_dispatch/middleware/templates/rescues/_request_and_response.html.erb (0.8ms)
  Rendered /home/vagrant/.rbenv/versions/2.1.2/lib/ruby/gems/2.1.0/gems/actionpack-4.1.7/lib/action_dispatch/middleware/templates/rescues/diagnostics.erb within rescues/layout (11.5ms)


Started GET "/" for 192.168.33.1 at 2014-11-11 22:33:40 +0900
Processing by Rails::WelcomeController#index as HTML
  Rendered /home/vagrant/.rbenv/versions/2.1.2/lib/ruby/gems/2.1.0/gems/railties-4.1.7/lib/rails/templates/rails/welcome/index.html.erb (0.3ms)
Completed 200 OK in 20ms (Views: 1.9ms | ActiveRecord: 0.0ms)


Started GET "/" for 192.168.33.1 at 2014-11-11 22:33:42 +0900
Processing by Rails::WelcomeController#index as HTML
  Rendered /home/vagrant/.rbenv/versions/2.1.2/lib/ruby/gems/2.1.0/gems/railties-4.1.7/lib/rails/templates/rails/welcome/index.html.erb (0.0ms)
Completed 200 OK in 1ms (Views: 0.4ms | ActiveRecord: 0.0ms)


Started GET "/" for 192.168.33.1 at 2014-11-11 23:40:54 +0900

PG::ConnectionBad (FATAL:  Ident authentication failed for user "vagrant"
):
  activerecord (4.1.7) lib/active_record/connection_adapters/postgresql_adapter.rb:888:in `initialize'
  activerecord (4.1.7) lib/active_record/connection_adapters/postgresql_adapter.rb:888:in `new'
  activerecord (4.1.7) lib/active_record/connection_adapters/postgresql_adapter.rb:888:in `connect'
  activerecord (4.1.7) lib/active_record/connection_adapters/postgresql_adapter.rb:568:in `initialize'
  activerecord (4.1.7) lib/active_record/connection_adapters/postgresql_adapter.rb:41:in `new'
  activerecord (4.1.7) lib/active_record/connection_adapters/postgresql_adapter.rb:41:in `postgresql_connection'
  activerecord (4.1.7) lib/active_record/connection_adapters/abstract/connection_pool.rb:435:in `new_connection'
  activerecord (4.1.7) lib/active_record/connection_adapters/abstract/connection_pool.rb:445:in `checkout_new_connection'
  activerecord (4.1.7) lib/active_record/connection_adapters/abstract/connection_pool.rb:416:in `acquire_connection'
  activerecord (4.1.7) lib/active_record/connection_adapters/abstract/connection_pool.rb:351:in `block in checkout'
  /home/vagrant/.rbenv/versions/2.1.2/lib/ruby/2.1.0/monitor.rb:211:in `mon_synchronize'
  activerecord (4.1.7) lib/active_record/connection_adapters/abstract/connection_pool.rb:350:in `checkout'
  activerecord (4.1.7) lib/active_record/connection_adapters/abstract/connection_pool.rb:265:in `block in connection'
  /home/vagrant/.rbenv/versions/2.1.2/lib/ruby/2.1.0/monitor.rb:211:in `mon_synchronize'
  activerecord (4.1.7) lib/active_record/connection_adapters/abstract/connection_pool.rb:264:in `connection'
  activerecord (4.1.7) lib/active_record/connection_adapters/abstract/connection_pool.rb:541:in `retrieve_connection'
  activerecord (4.1.7) lib/active_record/connection_handling.rb:113:in `retrieve_connection'
  activerecord (4.1.7) lib/active_record/connection_handling.rb:87:in `connection'
  activerecord (4.1.7) lib/active_record/query_cache.rb:51:in `restore_query_cache_settings'
  activerecord (4.1.7) lib/active_record/query_cache.rb:43:in `rescue in call'
  activerecord (4.1.7) lib/active_record/query_cache.rb:32:in `call'
  activerecord (4.1.7) lib/active_record/connection_adapters/abstract/connection_pool.rb:621:in `call'
  activerecord (4.1.7) lib/active_record/migration.rb:380:in `call'
  actionpack (4.1.7) lib/action_dispatch/middleware/callbacks.rb:29:in `block in call'
  activesupport (4.1.7) lib/active_support/callbacks.rb:82:in `run_callbacks'
  actionpack (4.1.7) lib/action_dispatch/middleware/callbacks.rb:27:in `call'
  actionpack (4.1.7) lib/action_dispatch/middleware/reloader.rb:73:in `call'
  actionpack (4.1.7) lib/action_dispatch/middleware/remote_ip.rb:76:in `call'
  actionpack (4.1.7) lib/action_dispatch/middleware/debug_exceptions.rb:17:in `call'
  actionpack (4.1.7) lib/action_dispatch/middleware/show_exceptions.rb:30:in `call'
  railties (4.1.7) lib/rails/rack/logger.rb:38:in `call_app'
  railties (4.1.7) lib/rails/rack/logger.rb:20:in `block in call'
  activesupport (4.1.7) lib/active_support/tagged_logging.rb:68:in `block in tagged'
  activesupport (4.1.7) lib/active_support/tagged_logging.rb:26:in `tagged'
  activesupport (4.1.7) lib/active_support/tagged_logging.rb:68:in `tagged'
  railties (4.1.7) lib/rails/rack/logger.rb:20:in `call'
  actionpack (4.1.7) lib/action_dispatch/middleware/request_id.rb:21:in `call'
  rack (1.5.2) lib/rack/methodoverride.rb:21:in `call'
  rack (1.5.2) lib/rack/runtime.rb:17:in `call'
  activesupport (4.1.7) lib/active_support/cache/strategy/local_cache_middleware.rb:26:in `call'
  rack (1.5.2) lib/rack/lock.rb:17:in `call'
  actionpack (4.1.7) lib/action_dispatch/middleware/static.rb:84:in `call'
  rack (1.5.2) lib/rack/sendfile.rb:112:in `call'
  railties (4.1.7) lib/rails/engine.rb:514:in `call'
  railties (4.1.7) lib/rails/application.rb:144:in `call'
  passenger (4.0.53) lib/phusion_passenger/rack/thread_handler_extension.rb:74:in `process_request'
  passenger (4.0.53) lib/phusion_passenger/request_handler/thread_handler.rb:141:in `accept_and_process_next_request'
  passenger (4.0.53) lib/phusion_passenger/request_handler/thread_handler.rb:109:in `main_loop'
  passenger (4.0.53) lib/phusion_passenger/request_handler.rb:455:in `block (3 levels) in start_threads'


  Rendered /home/vagrant/.rbenv/versions/2.1.2/lib/ruby/gems/2.1.0/gems/actionpack-4.1.7/lib/action_dispatch/middleware/templates/rescues/_source.erb (0.4ms)
  Rendered /home/vagrant/.rbenv/versions/2.1.2/lib/ruby/gems/2.1.0/gems/actionpack-4.1.7/lib/action_dispatch/middleware/templates/rescues/_trace.html.erb (0.8ms)
  Rendered /home/vagrant/.rbenv/versions/2.1.2/lib/ruby/gems/2.1.0/gems/actionpack-4.1.7/lib/action_dispatch/middleware/templates/rescues/_request_and_response.html.erb (0.7ms)
  Rendered /home/vagrant/.rbenv/versions/2.1.2/lib/ruby/gems/2.1.0/gems/actionpack-4.1.7/lib/action_dispatch/middleware/templates/rescues/diagnostics.erb within rescues/layout (17.9ms)


Started GET "/" for 192.168.33.1 at 2014-11-11 23:53:22 +0900

PG::ConnectionBad (FATAL:  Ident authentication failed for user "vagrant"
):
  activerecord (4.1.7) lib/active_record/connection_adapters/postgresql_adapter.rb:888:in `initialize'
  activerecord (4.1.7) lib/active_record/connection_adapters/postgresql_adapter.rb:888:in `new'
  activerecord (4.1.7) lib/active_record/connection_adapters/postgresql_adapter.rb:888:in `connect'
  activerecord (4.1.7) lib/active_record/connection_adapters/postgresql_adapter.rb:568:in `initialize'
  activerecord (4.1.7) lib/active_record/connection_adapters/postgresql_adapter.rb:41:in `new'
  activerecord (4.1.7) lib/active_record/connection_adapters/postgresql_adapter.rb:41:in `postgresql_connection'
  activerecord (4.1.7) lib/active_record/connection_adapters/abstract/connection_pool.rb:435:in `new_connection'
  activerecord (4.1.7) lib/active_record/connection_adapters/abstract/connection_pool.rb:445:in `checkout_new_connection'
  activerecord (4.1.7) lib/active_record/connection_adapters/abstract/connection_pool.rb:416:in `acquire_connection'
  activerecord (4.1.7) lib/active_record/connection_adapters/abstract/connection_pool.rb:351:in `block in checkout'
  /home/vagrant/.rbenv/versions/2.1.2/lib/ruby/2.1.0/monitor.rb:211:in `mon_synchronize'
  activerecord (4.1.7) lib/active_record/connection_adapters/abstract/connection_pool.rb:350:in `checkout'
  activerecord (4.1.7) lib/active_record/connection_adapters/abstract/connection_pool.rb:265:in `block in connection'
  /home/vagrant/.rbenv/versions/2.1.2/lib/ruby/2.1.0/monitor.rb:211:in `mon_synchronize'
  activerecord (4.1.7) lib/active_record/connection_adapters/abstract/connection_pool.rb:264:in `connection'
  activerecord (4.1.7) lib/active_record/connection_adapters/abstract/connection_pool.rb:541:in `retrieve_connection'
  activerecord (4.1.7) lib/active_record/connection_handling.rb:113:in `retrieve_connection'
  activerecord (4.1.7) lib/active_record/connection_handling.rb:87:in `connection'
  activerecord (4.1.7) lib/active_record/query_cache.rb:51:in `restore_query_cache_settings'
  activerecord (4.1.7) lib/active_record/query_cache.rb:43:in `rescue in call'
  activerecord (4.1.7) lib/active_record/query_cache.rb:32:in `call'
  activerecord (4.1.7) lib/active_record/connection_adapters/abstract/connection_pool.rb:621:in `call'
  activerecord (4.1.7) lib/active_record/migration.rb:380:in `call'
  actionpack (4.1.7) lib/action_dispatch/middleware/callbacks.rb:29:in `block in call'
  activesupport (4.1.7) lib/active_support/callbacks.rb:82:in `run_callbacks'
  actionpack (4.1.7) lib/action_dispatch/middleware/callbacks.rb:27:in `call'
  actionpack (4.1.7) lib/action_dispatch/middleware/reloader.rb:73:in `call'
  actionpack (4.1.7) lib/action_dispatch/middleware/remote_ip.rb:76:in `call'
  actionpack (4.1.7) lib/action_dispatch/middleware/debug_exceptions.rb:17:in `call'
  actionpack (4.1.7) lib/action_dispatch/middleware/show_exceptions.rb:30:in `call'
  railties (4.1.7) lib/rails/rack/logger.rb:38:in `call_app'
  railties (4.1.7) lib/rails/rack/logger.rb:20:in `block in call'
  activesupport (4.1.7) lib/active_support/tagged_logging.rb:68:in `block in tagged'
  activesupport (4.1.7) lib/active_support/tagged_logging.rb:26:in `tagged'
  activesupport (4.1.7) lib/active_support/tagged_logging.rb:68:in `tagged'
  railties (4.1.7) lib/rails/rack/logger.rb:20:in `call'
  actionpack (4.1.7) lib/action_dispatch/middleware/request_id.rb:21:in `call'
  rack (1.5.2) lib/rack/methodoverride.rb:21:in `call'
  rack (1.5.2) lib/rack/runtime.rb:17:in `call'
  activesupport (4.1.7) lib/active_support/cache/strategy/local_cache_middleware.rb:26:in `call'
  rack (1.5.2) lib/rack/lock.rb:17:in `call'
  actionpack (4.1.7) lib/action_dispatch/middleware/static.rb:84:in `call'
  rack (1.5.2) lib/rack/sendfile.rb:112:in `call'
  railties (4.1.7) lib/rails/engine.rb:514:in `call'
  railties (4.1.7) lib/rails/application.rb:144:in `call'
  passenger (4.0.53) lib/phusion_passenger/rack/thread_handler_extension.rb:74:in `process_request'
  passenger (4.0.53) lib/phusion_passenger/request_handler/thread_handler.rb:141:in `accept_and_process_next_request'
  passenger (4.0.53) lib/phusion_passenger/request_handler/thread_handler.rb:109:in `main_loop'
  passenger (4.0.53) lib/phusion_passenger/request_handler.rb:455:in `block (3 levels) in start_threads'


  Rendered /home/vagrant/.rbenv/versions/2.1.2/lib/ruby/gems/2.1.0/gems/actionpack-4.1.7/lib/action_dispatch/middleware/templates/rescues/_source.erb (0.4ms)
  Rendered /home/vagrant/.rbenv/versions/2.1.2/lib/ruby/gems/2.1.0/gems/actionpack-4.1.7/lib/action_dispatch/middleware/templates/rescues/_trace.html.erb (0.6ms)
  Rendered /home/vagrant/.rbenv/versions/2.1.2/lib/ruby/gems/2.1.0/gems/actionpack-4.1.7/lib/action_dispatch/middleware/templates/rescues/_request_and_response.html.erb (0.7ms)
  Rendered /home/vagrant/.rbenv/versions/2.1.2/lib/ruby/gems/2.1.0/gems/actionpack-4.1.7/lib/action_dispatch/middleware/templates/rescues/diagnostics.erb within rescues/layout (11.2ms)


Started GET "/" for 192.168.33.1 at 2014-11-11 23:54:14 +0900

PG::ConnectionBad (FATAL:  Ident authentication failed for user "vagrant"
):
  activerecord (4.1.7) lib/active_record/connection_adapters/postgresql_adapter.rb:888:in `initialize'
  activerecord (4.1.7) lib/active_record/connection_adapters/postgresql_adapter.rb:888:in `new'
  activerecord (4.1.7) lib/active_record/connection_adapters/postgresql_adapter.rb:888:in `connect'
  activerecord (4.1.7) lib/active_record/connection_adapters/postgresql_adapter.rb:568:in `initialize'
  activerecord (4.1.7) lib/active_record/connection_adapters/postgresql_adapter.rb:41:in `new'
  activerecord (4.1.7) lib/active_record/connection_adapters/postgresql_adapter.rb:41:in `postgresql_connection'
  activerecord (4.1.7) lib/active_record/connection_adapters/abstract/connection_pool.rb:435:in `new_connection'
  activerecord (4.1.7) lib/active_record/connection_adapters/abstract/connection_pool.rb:445:in `checkout_new_connection'
  activerecord (4.1.7) lib/active_record/connection_adapters/abstract/connection_pool.rb:416:in `acquire_connection'
  activerecord (4.1.7) lib/active_record/connection_adapters/abstract/connection_pool.rb:351:in `block in checkout'
  /home/vagrant/.rbenv/versions/2.1.2/lib/ruby/2.1.0/monitor.rb:211:in `mon_synchronize'
  activerecord (4.1.7) lib/active_record/connection_adapters/abstract/connection_pool.rb:350:in `checkout'
  activerecord (4.1.7) lib/active_record/connection_adapters/abstract/connection_pool.rb:265:in `block in connection'
  /home/vagrant/.rbenv/versions/2.1.2/lib/ruby/2.1.0/monitor.rb:211:in `mon_synchronize'
  activerecord (4.1.7) lib/active_record/connection_adapters/abstract/connection_pool.rb:264:in `connection'
  activerecord (4.1.7) lib/active_record/connection_adapters/abstract/connection_pool.rb:541:in `retrieve_connection'
  activerecord (4.1.7) lib/active_record/connection_handling.rb:113:in `retrieve_connection'
  activerecord (4.1.7) lib/active_record/connection_handling.rb:87:in `connection'
  activerecord (4.1.7) lib/active_record/query_cache.rb:51:in `restore_query_cache_settings'
  activerecord (4.1.7) lib/active_record/query_cache.rb:43:in `rescue in call'
  activerecord (4.1.7) lib/active_record/query_cache.rb:32:in `call'
  activerecord (4.1.7) lib/active_record/connection_adapters/abstract/connection_pool.rb:621:in `call'
  activerecord (4.1.7) lib/active_record/migration.rb:380:in `call'
  actionpack (4.1.7) lib/action_dispatch/middleware/callbacks.rb:29:in `block in call'
  activesupport (4.1.7) lib/active_support/callbacks.rb:82:in `run_callbacks'
  actionpack (4.1.7) lib/action_dispatch/middleware/callbacks.rb:27:in `call'
  actionpack (4.1.7) lib/action_dispatch/middleware/reloader.rb:73:in `call'
  actionpack (4.1.7) lib/action_dispatch/middleware/remote_ip.rb:76:in `call'
  actionpack (4.1.7) lib/action_dispatch/middleware/debug_exceptions.rb:17:in `call'
  actionpack (4.1.7) lib/action_dispatch/middleware/show_exceptions.rb:30:in `call'
  railties (4.1.7) lib/rails/rack/logger.rb:38:in `call_app'
  railties (4.1.7) lib/rails/rack/logger.rb:20:in `block in call'
  activesupport (4.1.7) lib/active_support/tagged_logging.rb:68:in `block in tagged'
  activesupport (4.1.7) lib/active_support/tagged_logging.rb:26:in `tagged'
  activesupport (4.1.7) lib/active_support/tagged_logging.rb:68:in `tagged'
  railties (4.1.7) lib/rails/rack/logger.rb:20:in `call'
  actionpack (4.1.7) lib/action_dispatch/middleware/request_id.rb:21:in `call'
  rack (1.5.2) lib/rack/methodoverride.rb:21:in `call'
  rack (1.5.2) lib/rack/runtime.rb:17:in `call'
  activesupport (4.1.7) lib/active_support/cache/strategy/local_cache_middleware.rb:26:in `call'
  rack (1.5.2) lib/rack/lock.rb:17:in `call'
  actionpack (4.1.7) lib/action_dispatch/middleware/static.rb:84:in `call'
  rack (1.5.2) lib/rack/sendfile.rb:112:in `call'
  railties (4.1.7) lib/rails/engine.rb:514:in `call'
  railties (4.1.7) lib/rails/application.rb:144:in `call'
  passenger (4.0.53) lib/phusion_passenger/rack/thread_handler_extension.rb:74:in `process_request'
  passenger (4.0.53) lib/phusion_passenger/request_handler/thread_handler.rb:141:in `accept_and_process_next_request'
  passenger (4.0.53) lib/phusion_passenger/request_handler/thread_handler.rb:109:in `main_loop'
  passenger (4.0.53) lib/phusion_passenger/request_handler.rb:455:in `block (3 levels) in start_threads'


  Rendered /home/vagrant/.rbenv/versions/2.1.2/lib/ruby/gems/2.1.0/gems/actionpack-4.1.7/lib/action_dispatch/middleware/templates/rescues/_source.erb (0.4ms)
  Rendered /home/vagrant/.rbenv/versions/2.1.2/lib/ruby/gems/2.1.0/gems/actionpack-4.1.7/lib/action_dispatch/middleware/templates/rescues/_trace.html.erb (2.0ms)
  Rendered /home/vagrant/.rbenv/versions/2.1.2/lib/ruby/gems/2.1.0/gems/actionpack-4.1.7/lib/action_dispatch/middleware/templates/rescues/_request_and_response.html.erb (1.2ms)
  Rendered /home/vagrant/.rbenv/versions/2.1.2/lib/ruby/gems/2.1.0/gems/actionpack-4.1.7/lib/action_dispatch/middleware/templates/rescues/diagnostics.erb within rescues/layout (14.4ms)


Started GET "/" for 192.168.33.1 at 2014-11-11 23:54:21 +0900

PG::ConnectionBad (FATAL:  Ident authentication failed for user "vagrant"
):
  activerecord (4.1.7) lib/active_record/connection_adapters/postgresql_adapter.rb:888:in `initialize'
  activerecord (4.1.7) lib/active_record/connection_adapters/postgresql_adapter.rb:888:in `new'
  activerecord (4.1.7) lib/active_record/connection_adapters/postgresql_adapter.rb:888:in `connect'
  activerecord (4.1.7) lib/active_record/connection_adapters/postgresql_adapter.rb:568:in `initialize'
  activerecord (4.1.7) lib/active_record/connection_adapters/postgresql_adapter.rb:41:in `new'
  activerecord (4.1.7) lib/active_record/connection_adapters/postgresql_adapter.rb:41:in `postgresql_connection'
  activerecord (4.1.7) lib/active_record/connection_adapters/abstract/connection_pool.rb:435:in `new_connection'
  activerecord (4.1.7) lib/active_record/connection_adapters/abstract/connection_pool.rb:445:in `checkout_new_connection'
  activerecord (4.1.7) lib/active_record/connection_adapters/abstract/connection_pool.rb:416:in `acquire_connection'
  activerecord (4.1.7) lib/active_record/connection_adapters/abstract/connection_pool.rb:351:in `block in checkout'
  /home/vagrant/.rbenv/versions/2.1.2/lib/ruby/2.1.0/monitor.rb:211:in `mon_synchronize'
  activerecord (4.1.7) lib/active_record/connection_adapters/abstract/connection_pool.rb:350:in `checkout'
  activerecord (4.1.7) lib/active_record/connection_adapters/abstract/connection_pool.rb:265:in `block in connection'
  /home/vagrant/.rbenv/versions/2.1.2/lib/ruby/2.1.0/monitor.rb:211:in `mon_synchronize'
  activerecord (4.1.7) lib/active_record/connection_adapters/abstract/connection_pool.rb:264:in `connection'
  activerecord (4.1.7) lib/active_record/connection_adapters/abstract/connection_pool.rb:541:in `retrieve_connection'
  activerecord (4.1.7) lib/active_record/connection_handling.rb:113:in `retrieve_connection'
  activerecord (4.1.7) lib/active_record/connection_handling.rb:87:in `connection'
  activerecord (4.1.7) lib/active_record/query_cache.rb:51:in `restore_query_cache_settings'
  activerecord (4.1.7) lib/active_record/query_cache.rb:43:in `rescue in call'
  activerecord (4.1.7) lib/active_record/query_cache.rb:32:in `call'
  activerecord (4.1.7) lib/active_record/connection_adapters/abstract/connection_pool.rb:621:in `call'
  activerecord (4.1.7) lib/active_record/migration.rb:380:in `call'
  actionpack (4.1.7) lib/action_dispatch/middleware/callbacks.rb:29:in `block in call'
  activesupport (4.1.7) lib/active_support/callbacks.rb:82:in `run_callbacks'
  actionpack (4.1.7) lib/action_dispatch/middleware/callbacks.rb:27:in `call'
  actionpack (4.1.7) lib/action_dispatch/middleware/reloader.rb:73:in `call'
  actionpack (4.1.7) lib/action_dispatch/middleware/remote_ip.rb:76:in `call'
  actionpack (4.1.7) lib/action_dispatch/middleware/debug_exceptions.rb:17:in `call'
  actionpack (4.1.7) lib/action_dispatch/middleware/show_exceptions.rb:30:in `call'
  railties (4.1.7) lib/rails/rack/logger.rb:38:in `call_app'
  railties (4.1.7) lib/rails/rack/logger.rb:20:in `block in call'
  activesupport (4.1.7) lib/active_support/tagged_logging.rb:68:in `block in tagged'
  activesupport (4.1.7) lib/active_support/tagged_logging.rb:26:in `tagged'
  activesupport (4.1.7) lib/active_support/tagged_logging.rb:68:in `tagged'
  railties (4.1.7) lib/rails/rack/logger.rb:20:in `call'
  actionpack (4.1.7) lib/action_dispatch/middleware/request_id.rb:21:in `call'
  rack (1.5.2) lib/rack/methodoverride.rb:21:in `call'
  rack (1.5.2) lib/rack/runtime.rb:17:in `call'
  activesupport (4.1.7) lib/active_support/cache/strategy/local_cache_middleware.rb:26:in `call'
  rack (1.5.2) lib/rack/lock.rb:17:in `call'
  actionpack (4.1.7) lib/action_dispatch/middleware/static.rb:84:in `call'
  rack (1.5.2) lib/rack/sendfile.rb:112:in `call'
  railties (4.1.7) lib/rails/engine.rb:514:in `call'
  railties (4.1.7) lib/rails/application.rb:144:in `call'
  passenger (4.0.53) lib/phusion_passenger/rack/thread_handler_extension.rb:74:in `process_request'
  passenger (4.0.53) lib/phusion_passenger/request_handler/thread_handler.rb:141:in `accept_and_process_next_request'
  passenger (4.0.53) lib/phusion_passenger/request_handler/thread_handler.rb:109:in `main_loop'
  passenger (4.0.53) lib/phusion_passenger/request_handler.rb:455:in `block (3 levels) in start_threads'


  Rendered /home/vagrant/.rbenv/versions/2.1.2/lib/ruby/gems/2.1.0/gems/actionpack-4.1.7/lib/action_dispatch/middleware/templates/rescues/_source.erb (0.4ms)
  Rendered /home/vagrant/.rbenv/versions/2.1.2/lib/ruby/gems/2.1.0/gems/actionpack-4.1.7/lib/action_dispatch/middleware/templates/rescues/_trace.html.erb (0.8ms)
  Rendered /home/vagrant/.rbenv/versions/2.1.2/lib/ruby/gems/2.1.0/gems/actionpack-4.1.7/lib/action_dispatch/middleware/templates/rescues/_request_and_response.html.erb (0.9ms)
  Rendered /home/vagrant/.rbenv/versions/2.1.2/lib/ruby/gems/2.1.0/gems/actionpack-4.1.7/lib/action_dispatch/middleware/templates/rescues/diagnostics.erb within rescues/layout (11.4ms)


Started GET "/" for 192.168.33.1 at 2014-11-11 23:54:53 +0900

PG::ConnectionBad (FATAL:  Ident authentication failed for user "vagrant"
):
  activerecord (4.1.7) lib/active_record/connection_adapters/postgresql_adapter.rb:888:in `initialize'
  activerecord (4.1.7) lib/active_record/connection_adapters/postgresql_adapter.rb:888:in `new'
  activerecord (4.1.7) lib/active_record/connection_adapters/postgresql_adapter.rb:888:in `connect'
  activerecord (4.1.7) lib/active_record/connection_adapters/postgresql_adapter.rb:568:in `initialize'
  activerecord (4.1.7) lib/active_record/connection_adapters/postgresql_adapter.rb:41:in `new'
  activerecord (4.1.7) lib/active_record/connection_adapters/postgresql_adapter.rb:41:in `postgresql_connection'
  activerecord (4.1.7) lib/active_record/connection_adapters/abstract/connection_pool.rb:435:in `new_connection'
  activerecord (4.1.7) lib/active_record/connection_adapters/abstract/connection_pool.rb:445:in `checkout_new_connection'
  activerecord (4.1.7) lib/active_record/connection_adapters/abstract/connection_pool.rb:416:in `acquire_connection'
  activerecord (4.1.7) lib/active_record/connection_adapters/abstract/connection_pool.rb:351:in `block in checkout'
  /home/vagrant/.rbenv/versions/2.1.2/lib/ruby/2.1.0/monitor.rb:211:in `mon_synchronize'
  activerecord (4.1.7) lib/active_record/connection_adapters/abstract/connection_pool.rb:350:in `checkout'
  activerecord (4.1.7) lib/active_record/connection_adapters/abstract/connection_pool.rb:265:in `block in connection'
  /home/vagrant/.rbenv/versions/2.1.2/lib/ruby/2.1.0/monitor.rb:211:in `mon_synchronize'
  activerecord (4.1.7) lib/active_record/connection_adapters/abstract/connection_pool.rb:264:in `connection'
  activerecord (4.1.7) lib/active_record/connection_adapters/abstract/connection_pool.rb:541:in `retrieve_connection'
  activerecord (4.1.7) lib/active_record/connection_handling.rb:113:in `retrieve_connection'
  activerecord (4.1.7) lib/active_record/connection_handling.rb:87:in `connection'
  activerecord (4.1.7) lib/active_record/query_cache.rb:51:in `restore_query_cache_settings'
  activerecord (4.1.7) lib/active_record/query_cache.rb:43:in `rescue in call'
  activerecord (4.1.7) lib/active_record/query_cache.rb:32:in `call'
  activerecord (4.1.7) lib/active_record/connection_adapters/abstract/connection_pool.rb:621:in `call'
  activerecord (4.1.7) lib/active_record/migration.rb:380:in `call'
  actionpack (4.1.7) lib/action_dispatch/middleware/callbacks.rb:29:in `block in call'
  activesupport (4.1.7) lib/active_support/callbacks.rb:82:in `run_callbacks'
  actionpack (4.1.7) lib/action_dispatch/middleware/callbacks.rb:27:in `call'
  actionpack (4.1.7) lib/action_dispatch/middleware/reloader.rb:73:in `call'
  actionpack (4.1.7) lib/action_dispatch/middleware/remote_ip.rb:76:in `call'
  actionpack (4.1.7) lib/action_dispatch/middleware/debug_exceptions.rb:17:in `call'
  actionpack (4.1.7) lib/action_dispatch/middleware/show_exceptions.rb:30:in `call'
  railties (4.1.7) lib/rails/rack/logger.rb:38:in `call_app'
  railties (4.1.7) lib/rails/rack/logger.rb:20:in `block in call'
  activesupport (4.1.7) lib/active_support/tagged_logging.rb:68:in `block in tagged'
  activesupport (4.1.7) lib/active_support/tagged_logging.rb:26:in `tagged'
  activesupport (4.1.7) lib/active_support/tagged_logging.rb:68:in `tagged'
  railties (4.1.7) lib/rails/rack/logger.rb:20:in `call'
  actionpack (4.1.7) lib/action_dispatch/middleware/request_id.rb:21:in `call'
  rack (1.5.2) lib/rack/methodoverride.rb:21:in `call'
  rack (1.5.2) lib/rack/runtime.rb:17:in `call'
  activesupport (4.1.7) lib/active_support/cache/strategy/local_cache_middleware.rb:26:in `call'
  rack (1.5.2) lib/rack/lock.rb:17:in `call'
  actionpack (4.1.7) lib/action_dispatch/middleware/static.rb:84:in `call'
  rack (1.5.2) lib/rack/sendfile.rb:112:in `call'
  railties (4.1.7) lib/rails/engine.rb:514:in `call'
  railties (4.1.7) lib/rails/application.rb:144:in `call'
  passenger (4.0.53) lib/phusion_passenger/rack/thread_handler_extension.rb:74:in `process_request'
  passenger (4.0.53) lib/phusion_passenger/request_handler/thread_handler.rb:141:in `accept_and_process_next_request'
  passenger (4.0.53) lib/phusion_passenger/request_handler/thread_handler.rb:109:in `main_loop'
  passenger (4.0.53) lib/phusion_passenger/request_handler.rb:455:in `block (3 levels) in start_threads'


  Rendered /home/vagrant/.rbenv/versions/2.1.2/lib/ruby/gems/2.1.0/gems/actionpack-4.1.7/lib/action_dispatch/middleware/templates/rescues/_source.erb (0.4ms)
  Rendered /home/vagrant/.rbenv/versions/2.1.2/lib/ruby/gems/2.1.0/gems/actionpack-4.1.7/lib/action_dispatch/middleware/templates/rescues/_trace.html.erb (0.7ms)
  Rendered /home/vagrant/.rbenv/versions/2.1.2/lib/ruby/gems/2.1.0/gems/actionpack-4.1.7/lib/action_dispatch/middleware/templates/rescues/_request_and_response.html.erb (0.6ms)
  Rendered /home/vagrant/.rbenv/versions/2.1.2/lib/ruby/gems/2.1.0/gems/actionpack-4.1.7/lib/action_dispatch/middleware/templates/rescues/diagnostics.erb within rescues/layout (11.5ms)


Started GET "/" for 192.168.33.1 at 2014-11-11 23:56:22 +0900

ActiveRecord::NoDatabaseError (FATAL:  role "vagrant" does not exist
Run `$ bin/rake db:create db:migrate` to create your database):
  activerecord (4.1.7) lib/active_record/connection_adapters/postgresql_adapter.rb:898:in `rescue in connect'
  activerecord (4.1.7) lib/active_record/connection_adapters/postgresql_adapter.rb:888:in `connect'
  activerecord (4.1.7) lib/active_record/connection_adapters/postgresql_adapter.rb:568:in `initialize'
  activerecord (4.1.7) lib/active_record/connection_adapters/postgresql_adapter.rb:41:in `new'
  activerecord (4.1.7) lib/active_record/connection_adapters/postgresql_adapter.rb:41:in `postgresql_connection'
  activerecord (4.1.7) lib/active_record/connection_adapters/abstract/connection_pool.rb:435:in `new_connection'
  activerecord (4.1.7) lib/active_record/connection_adapters/abstract/connection_pool.rb:445:in `checkout_new_connection'
  activerecord (4.1.7) lib/active_record/connection_adapters/abstract/connection_pool.rb:416:in `acquire_connection'
  activerecord (4.1.7) lib/active_record/connection_adapters/abstract/connection_pool.rb:351:in `block in checkout'
  /home/vagrant/.rbenv/versions/2.1.2/lib/ruby/2.1.0/monitor.rb:211:in `mon_synchronize'
  activerecord (4.1.7) lib/active_record/connection_adapters/abstract/connection_pool.rb:350:in `checkout'
  activerecord (4.1.7) lib/active_record/connection_adapters/abstract/connection_pool.rb:265:in `block in connection'
  /home/vagrant/.rbenv/versions/2.1.2/lib/ruby/2.1.0/monitor.rb:211:in `mon_synchronize'
  activerecord (4.1.7) lib/active_record/connection_adapters/abstract/connection_pool.rb:264:in `connection'
  activerecord (4.1.7) lib/active_record/connection_adapters/abstract/connection_pool.rb:541:in `retrieve_connection'
  activerecord (4.1.7) lib/active_record/connection_handling.rb:113:in `retrieve_connection'
  activerecord (4.1.7) lib/active_record/connection_handling.rb:87:in `connection'
  activerecord (4.1.7) lib/active_record/query_cache.rb:51:in `restore_query_cache_settings'
  activerecord (4.1.7) lib/active_record/query_cache.rb:43:in `rescue in call'
  activerecord (4.1.7) lib/active_record/query_cache.rb:32:in `call'
  activerecord (4.1.7) lib/active_record/connection_adapters/abstract/connection_pool.rb:621:in `call'
  activerecord (4.1.7) lib/active_record/migration.rb:380:in `call'
  actionpack (4.1.7) lib/action_dispatch/middleware/callbacks.rb:29:in `block in call'
  activesupport (4.1.7) lib/active_support/callbacks.rb:82:in `run_callbacks'
  actionpack (4.1.7) lib/action_dispatch/middleware/callbacks.rb:27:in `call'
  actionpack (4.1.7) lib/action_dispatch/middleware/reloader.rb:73:in `call'
  actionpack (4.1.7) lib/action_dispatch/middleware/remote_ip.rb:76:in `call'
  actionpack (4.1.7) lib/action_dispatch/middleware/debug_exceptions.rb:17:in `call'
  actionpack (4.1.7) lib/action_dispatch/middleware/show_exceptions.rb:30:in `call'
  railties (4.1.7) lib/rails/rack/logger.rb:38:in `call_app'
  railties (4.1.7) lib/rails/rack/logger.rb:20:in `block in call'
  activesupport (4.1.7) lib/active_support/tagged_logging.rb:68:in `block in tagged'
  activesupport (4.1.7) lib/active_support/tagged_logging.rb:26:in `tagged'
  activesupport (4.1.7) lib/active_support/tagged_logging.rb:68:in `tagged'
  railties (4.1.7) lib/rails/rack/logger.rb:20:in `call'
  actionpack (4.1.7) lib/action_dispatch/middleware/request_id.rb:21:in `call'
  rack (1.5.2) lib/rack/methodoverride.rb:21:in `call'
  rack (1.5.2) lib/rack/runtime.rb:17:in `call'
  activesupport (4.1.7) lib/active_support/cache/strategy/local_cache_middleware.rb:26:in `call'
  rack (1.5.2) lib/rack/lock.rb:17:in `call'
  actionpack (4.1.7) lib/action_dispatch/middleware/static.rb:84:in `call'
  rack (1.5.2) lib/rack/sendfile.rb:112:in `call'
  railties (4.1.7) lib/rails/engine.rb:514:in `call'
  railties (4.1.7) lib/rails/application.rb:144:in `call'
  passenger (4.0.53) lib/phusion_passenger/rack/thread_handler_extension.rb:74:in `process_request'
  passenger (4.0.53) lib/phusion_passenger/request_handler/thread_handler.rb:141:in `accept_and_process_next_request'
  passenger (4.0.53) lib/phusion_passenger/request_handler/thread_handler.rb:109:in `main_loop'
  passenger (4.0.53) lib/phusion_passenger/request_handler.rb:455:in `block (3 levels) in start_threads'


  Rendered /home/vagrant/.rbenv/versions/2.1.2/lib/ruby/gems/2.1.0/gems/actionpack-4.1.7/lib/action_dispatch/middleware/templates/rescues/_source.erb (0.4ms)
  Rendered /home/vagrant/.rbenv/versions/2.1.2/lib/ruby/gems/2.1.0/gems/actionpack-4.1.7/lib/action_dispatch/middleware/templates/rescues/_trace.html.erb (0.7ms)
  Rendered /home/vagrant/.rbenv/versions/2.1.2/lib/ruby/gems/2.1.0/gems/actionpack-4.1.7/lib/action_dispatch/middleware/templates/rescues/_request_and_response.html.erb (0.6ms)
  Rendered /home/vagrant/.rbenv/versions/2.1.2/lib/ruby/gems/2.1.0/gems/actionpack-4.1.7/lib/action_dispatch/middleware/templates/rescues/diagnostics.erb within rescues/layout (11.1ms)


Started GET "/" for 192.168.33.1 at 2014-11-11 23:57:18 +0900

ActiveRecord::NoDatabaseError (FATAL:  role "vagrant" does not exist
Run `$ bin/rake db:create db:migrate` to create your database):
  activerecord (4.1.7) lib/active_record/connection_adapters/postgresql_adapter.rb:898:in `rescue in connect'
  activerecord (4.1.7) lib/active_record/connection_adapters/postgresql_adapter.rb:888:in `connect'
  activerecord (4.1.7) lib/active_record/connection_adapters/postgresql_adapter.rb:568:in `initialize'
  activerecord (4.1.7) lib/active_record/connection_adapters/postgresql_adapter.rb:41:in `new'
  activerecord (4.1.7) lib/active_record/connection_adapters/postgresql_adapter.rb:41:in `postgresql_connection'
  activerecord (4.1.7) lib/active_record/connection_adapters/abstract/connection_pool.rb:435:in `new_connection'
  activerecord (4.1.7) lib/active_record/connection_adapters/abstract/connection_pool.rb:445:in `checkout_new_connection'
  activerecord (4.1.7) lib/active_record/connection_adapters/abstract/connection_pool.rb:416:in `acquire_connection'
  activerecord (4.1.7) lib/active_record/connection_adapters/abstract/connection_pool.rb:351:in `block in checkout'
  /home/vagrant/.rbenv/versions/2.1.2/lib/ruby/2.1.0/monitor.rb:211:in `mon_synchronize'
  activerecord (4.1.7) lib/active_record/connection_adapters/abstract/connection_pool.rb:350:in `checkout'
  activerecord (4.1.7) lib/active_record/connection_adapters/abstract/connection_pool.rb:265:in `block in connection'
  /home/vagrant/.rbenv/versions/2.1.2/lib/ruby/2.1.0/monitor.rb:211:in `mon_synchronize'
  activerecord (4.1.7) lib/active_record/connection_adapters/abstract/connection_pool.rb:264:in `connection'
  activerecord (4.1.7) lib/active_record/connection_adapters/abstract/connection_pool.rb:541:in `retrieve_connection'
  activerecord (4.1.7) lib/active_record/connection_handling.rb:113:in `retrieve_connection'
  activerecord (4.1.7) lib/active_record/connection_handling.rb:87:in `connection'
  activerecord (4.1.7) lib/active_record/query_cache.rb:51:in `restore_query_cache_settings'
  activerecord (4.1.7) lib/active_record/query_cache.rb:43:in `rescue in call'
  activerecord (4.1.7) lib/active_record/query_cache.rb:32:in `call'
  activerecord (4.1.7) lib/active_record/connection_adapters/abstract/connection_pool.rb:621:in `call'
  activerecord (4.1.7) lib/active_record/migration.rb:380:in `call'
  actionpack (4.1.7) lib/action_dispatch/middleware/callbacks.rb:29:in `block in call'
  activesupport (4.1.7) lib/active_support/callbacks.rb:82:in `run_callbacks'
  actionpack (4.1.7) lib/action_dispatch/middleware/callbacks.rb:27:in `call'
  actionpack (4.1.7) lib/action_dispatch/middleware/reloader.rb:73:in `call'
  actionpack (4.1.7) lib/action_dispatch/middleware/remote_ip.rb:76:in `call'
  actionpack (4.1.7) lib/action_dispatch/middleware/debug_exceptions.rb:17:in `call'
  actionpack (4.1.7) lib/action_dispatch/middleware/show_exceptions.rb:30:in `call'
  railties (4.1.7) lib/rails/rack/logger.rb:38:in `call_app'
  railties (4.1.7) lib/rails/rack/logger.rb:20:in `block in call'
  activesupport (4.1.7) lib/active_support/tagged_logging.rb:68:in `block in tagged'
  activesupport (4.1.7) lib/active_support/tagged_logging.rb:26:in `tagged'
  activesupport (4.1.7) lib/active_support/tagged_logging.rb:68:in `tagged'
  railties (4.1.7) lib/rails/rack/logger.rb:20:in `call'
  actionpack (4.1.7) lib/action_dispatch/middleware/request_id.rb:21:in `call'
  rack (1.5.2) lib/rack/methodoverride.rb:21:in `call'
  rack (1.5.2) lib/rack/runtime.rb:17:in `call'
  activesupport (4.1.7) lib/active_support/cache/strategy/local_cache_middleware.rb:26:in `call'
  rack (1.5.2) lib/rack/lock.rb:17:in `call'
  actionpack (4.1.7) lib/action_dispatch/middleware/static.rb:84:in `call'
  rack (1.5.2) lib/rack/sendfile.rb:112:in `call'
  railties (4.1.7) lib/rails/engine.rb:514:in `call'
  railties (4.1.7) lib/rails/application.rb:144:in `call'
  passenger (4.0.53) lib/phusion_passenger/rack/thread_handler_extension.rb:74:in `process_request'
  passenger (4.0.53) lib/phusion_passenger/request_handler/thread_handler.rb:141:in `accept_and_process_next_request'
  passenger (4.0.53) lib/phusion_passenger/request_handler/thread_handler.rb:109:in `main_loop'
  passenger (4.0.53) lib/phusion_passenger/request_handler.rb:455:in `block (3 levels) in start_threads'


  Rendered /home/vagrant/.rbenv/versions/2.1.2/lib/ruby/gems/2.1.0/gems/actionpack-4.1.7/lib/action_dispatch/middleware/templates/rescues/_source.erb (0.4ms)
  Rendered /home/vagrant/.rbenv/versions/2.1.2/lib/ruby/gems/2.1.0/gems/actionpack-4.1.7/lib/action_dispatch/middleware/templates/rescues/_trace.html.erb (1.0ms)
  Rendered /home/vagrant/.rbenv/versions/2.1.2/lib/ruby/gems/2.1.0/gems/actionpack-4.1.7/lib/action_dispatch/middleware/templates/rescues/_request_and_response.html.erb (1.4ms)
  Rendered /home/vagrant/.rbenv/versions/2.1.2/lib/ruby/gems/2.1.0/gems/actionpack-4.1.7/lib/action_dispatch/middleware/templates/rescues/diagnostics.erb within rescues/layout (10.9ms)


Started GET "/" for 192.168.33.1 at 2014-11-11 23:58:11 +0900

ActiveRecord::NoDatabaseError (FATAL:  role "vagrant" does not exist
Run `$ bin/rake db:create db:migrate` to create your database):
  activerecord (4.1.7) lib/active_record/connection_adapters/postgresql_adapter.rb:898:in `rescue in connect'
  activerecord (4.1.7) lib/active_record/connection_adapters/postgresql_adapter.rb:888:in `connect'
  activerecord (4.1.7) lib/active_record/connection_adapters/postgresql_adapter.rb:568:in `initialize'
  activerecord (4.1.7) lib/active_record/connection_adapters/postgresql_adapter.rb:41:in `new'
  activerecord (4.1.7) lib/active_record/connection_adapters/postgresql_adapter.rb:41:in `postgresql_connection'
  activerecord (4.1.7) lib/active_record/connection_adapters/abstract/connection_pool.rb:435:in `new_connection'
  activerecord (4.1.7) lib/active_record/connection_adapters/abstract/connection_pool.rb:445:in `checkout_new_connection'
  activerecord (4.1.7) lib/active_record/connection_adapters/abstract/connection_pool.rb:416:in `acquire_connection'
  activerecord (4.1.7) lib/active_record/connection_adapters/abstract/connection_pool.rb:351:in `block in checkout'
  /home/vagrant/.rbenv/versions/2.1.2/lib/ruby/2.1.0/monitor.rb:211:in `mon_synchronize'
  activerecord (4.1.7) lib/active_record/connection_adapters/abstract/connection_pool.rb:350:in `checkout'
  activerecord (4.1.7) lib/active_record/connection_adapters/abstract/connection_pool.rb:265:in `block in connection'
  /home/vagrant/.rbenv/versions/2.1.2/lib/ruby/2.1.0/monitor.rb:211:in `mon_synchronize'
  activerecord (4.1.7) lib/active_record/connection_adapters/abstract/connection_pool.rb:264:in `connection'
  activerecord (4.1.7) lib/active_record/connection_adapters/abstract/connection_pool.rb:541:in `retrieve_connection'
  activerecord (4.1.7) lib/active_record/connection_handling.rb:113:in `retrieve_connection'
  activerecord (4.1.7) lib/active_record/connection_handling.rb:87:in `connection'
  activerecord (4.1.7) lib/active_record/query_cache.rb:51:in `restore_query_cache_settings'
  activerecord (4.1.7) lib/active_record/query_cache.rb:43:in `rescue in call'
  activerecord (4.1.7) lib/active_record/query_cache.rb:32:in `call'
  activerecord (4.1.7) lib/active_record/connection_adapters/abstract/connection_pool.rb:621:in `call'
  activerecord (4.1.7) lib/active_record/migration.rb:380:in `call'
  actionpack (4.1.7) lib/action_dispatch/middleware/callbacks.rb:29:in `block in call'
  activesupport (4.1.7) lib/active_support/callbacks.rb:82:in `run_callbacks'
  actionpack (4.1.7) lib/action_dispatch/middleware/callbacks.rb:27:in `call'
  actionpack (4.1.7) lib/action_dispatch/middleware/reloader.rb:73:in `call'
  actionpack (4.1.7) lib/action_dispatch/middleware/remote_ip.rb:76:in `call'
  actionpack (4.1.7) lib/action_dispatch/middleware/debug_exceptions.rb:17:in `call'
  actionpack (4.1.7) lib/action_dispatch/middleware/show_exceptions.rb:30:in `call'
  railties (4.1.7) lib/rails/rack/logger.rb:38:in `call_app'
  railties (4.1.7) lib/rails/rack/logger.rb:20:in `block in call'
  activesupport (4.1.7) lib/active_support/tagged_logging.rb:68:in `block in tagged'
  activesupport (4.1.7) lib/active_support/tagged_logging.rb:26:in `tagged'
  activesupport (4.1.7) lib/active_support/tagged_logging.rb:68:in `tagged'
  railties (4.1.7) lib/rails/rack/logger.rb:20:in `call'
  actionpack (4.1.7) lib/action_dispatch/middleware/request_id.rb:21:in `call'
  rack (1.5.2) lib/rack/methodoverride.rb:21:in `call'
  rack (1.5.2) lib/rack/runtime.rb:17:in `call'
  activesupport (4.1.7) lib/active_support/cache/strategy/local_cache_middleware.rb:26:in `call'
  rack (1.5.2) lib/rack/lock.rb:17:in `call'
  actionpack (4.1.7) lib/action_dispatch/middleware/static.rb:84:in `call'
  rack (1.5.2) lib/rack/sendfile.rb:112:in `call'
  railties (4.1.7) lib/rails/engine.rb:514:in `call'
  railties (4.1.7) lib/rails/application.rb:144:in `call'
  passenger (4.0.53) lib/phusion_passenger/rack/thread_handler_extension.rb:74:in `process_request'
  passenger (4.0.53) lib/phusion_passenger/request_handler/thread_handler.rb:141:in `accept_and_process_next_request'
  passenger (4.0.53) lib/phusion_passenger/request_handler/thread_handler.rb:109:in `main_loop'
  passenger (4.0.53) lib/phusion_passenger/request_handler.rb:455:in `block (3 levels) in start_threads'


  Rendered /home/vagrant/.rbenv/versions/2.1.2/lib/ruby/gems/2.1.0/gems/actionpack-4.1.7/lib/action_dispatch/middleware/templates/rescues/_source.erb (0.5ms)
  Rendered /home/vagrant/.rbenv/versions/2.1.2/lib/ruby/gems/2.1.0/gems/actionpack-4.1.7/lib/action_dispatch/middleware/templates/rescues/_trace.html.erb (0.8ms)
  Rendered /home/vagrant/.rbenv/versions/2.1.2/lib/ruby/gems/2.1.0/gems/actionpack-4.1.7/lib/action_dispatch/middleware/templates/rescues/_request_and_response.html.erb (0.9ms)
  Rendered /home/vagrant/.rbenv/versions/2.1.2/lib/ruby/gems/2.1.0/gems/actionpack-4.1.7/lib/action_dispatch/middleware/templates/rescues/diagnostics.erb within rescues/layout (12.3ms)


Started GET "/" for 192.168.33.1 at 2014-11-12 00:00:05 +0900

ActiveRecord::NoDatabaseError (FATAL:  role "vagrant" does not exist
Run `$ bin/rake db:create db:migrate` to create your database):
  activerecord (4.1.7) lib/active_record/connection_adapters/postgresql_adapter.rb:898:in `rescue in connect'
  activerecord (4.1.7) lib/active_record/connection_adapters/postgresql_adapter.rb:888:in `connect'
  activerecord (4.1.7) lib/active_record/connection_adapters/postgresql_adapter.rb:568:in `initialize'
  activerecord (4.1.7) lib/active_record/connection_adapters/postgresql_adapter.rb:41:in `new'
  activerecord (4.1.7) lib/active_record/connection_adapters/postgresql_adapter.rb:41:in `postgresql_connection'
  activerecord (4.1.7) lib/active_record/connection_adapters/abstract/connection_pool.rb:435:in `new_connection'
  activerecord (4.1.7) lib/active_record/connection_adapters/abstract/connection_pool.rb:445:in `checkout_new_connection'
  activerecord (4.1.7) lib/active_record/connection_adapters/abstract/connection_pool.rb:416:in `acquire_connection'
  activerecord (4.1.7) lib/active_record/connection_adapters/abstract/connection_pool.rb:351:in `block in checkout'
  /home/vagrant/.rbenv/versions/2.1.2/lib/ruby/2.1.0/monitor.rb:211:in `mon_synchronize'
  activerecord (4.1.7) lib/active_record/connection_adapters/abstract/connection_pool.rb:350:in `checkout'
  activerecord (4.1.7) lib/active_record/connection_adapters/abstract/connection_pool.rb:265:in `block in connection'
  /home/vagrant/.rbenv/versions/2.1.2/lib/ruby/2.1.0/monitor.rb:211:in `mon_synchronize'
  activerecord (4.1.7) lib/active_record/connection_adapters/abstract/connection_pool.rb:264:in `connection'
  activerecord (4.1.7) lib/active_record/connection_adapters/abstract/connection_pool.rb:541:in `retrieve_connection'
  activerecord (4.1.7) lib/active_record/connection_handling.rb:113:in `retrieve_connection'
  activerecord (4.1.7) lib/active_record/connection_handling.rb:87:in `connection'
  activerecord (4.1.7) lib/active_record/query_cache.rb:51:in `restore_query_cache_settings'
  activerecord (4.1.7) lib/active_record/query_cache.rb:43:in `rescue in call'
  activerecord (4.1.7) lib/active_record/query_cache.rb:32:in `call'
  activerecord (4.1.7) lib/active_record/connection_adapters/abstract/connection_pool.rb:621:in `call'
  activerecord (4.1.7) lib/active_record/migration.rb:380:in `call'
  actionpack (4.1.7) lib/action_dispatch/middleware/callbacks.rb:29:in `block in call'
  activesupport (4.1.7) lib/active_support/callbacks.rb:82:in `run_callbacks'
  actionpack (4.1.7) lib/action_dispatch/middleware/callbacks.rb:27:in `call'
  actionpack (4.1.7) lib/action_dispatch/middleware/reloader.rb:73:in `call'
  actionpack (4.1.7) lib/action_dispatch/middleware/remote_ip.rb:76:in `call'
  actionpack (4.1.7) lib/action_dispatch/middleware/debug_exceptions.rb:17:in `call'
  actionpack (4.1.7) lib/action_dispatch/middleware/show_exceptions.rb:30:in `call'
  railties (4.1.7) lib/rails/rack/logger.rb:38:in `call_app'
  railties (4.1.7) lib/rails/rack/logger.rb:20:in `block in call'
  activesupport (4.1.7) lib/active_support/tagged_logging.rb:68:in `block in tagged'
  activesupport (4.1.7) lib/active_support/tagged_logging.rb:26:in `tagged'
  activesupport (4.1.7) lib/active_support/tagged_logging.rb:68:in `tagged'
  railties (4.1.7) lib/rails/rack/logger.rb:20:in `call'
  actionpack (4.1.7) lib/action_dispatch/middleware/request_id.rb:21:in `call'
  rack (1.5.2) lib/rack/methodoverride.rb:21:in `call'
  rack (1.5.2) lib/rack/runtime.rb:17:in `call'
  activesupport (4.1.7) lib/active_support/cache/strategy/local_cache_middleware.rb:26:in `call'
  rack (1.5.2) lib/rack/lock.rb:17:in `call'
  actionpack (4.1.7) lib/action_dispatch/middleware/static.rb:84:in `call'
  rack (1.5.2) lib/rack/sendfile.rb:112:in `call'
  railties (4.1.7) lib/rails/engine.rb:514:in `call'
  railties (4.1.7) lib/rails/application.rb:144:in `call'
  passenger (4.0.53) lib/phusion_passenger/rack/thread_handler_extension.rb:74:in `process_request'
  passenger (4.0.53) lib/phusion_passenger/request_handler/thread_handler.rb:141:in `accept_and_process_next_request'
  passenger (4.0.53) lib/phusion_passenger/request_handler/thread_handler.rb:109:in `main_loop'
  passenger (4.0.53) lib/phusion_passenger/request_handler.rb:455:in `block (3 levels) in start_threads'


  Rendered /home/vagrant/.rbenv/versions/2.1.2/lib/ruby/gems/2.1.0/gems/actionpack-4.1.7/lib/action_dispatch/middleware/templates/rescues/_source.erb (0.4ms)
  Rendered /home/vagrant/.rbenv/versions/2.1.2/lib/ruby/gems/2.1.0/gems/actionpack-4.1.7/lib/action_dispatch/middleware/templates/rescues/_trace.html.erb (0.7ms)
  Rendered /home/vagrant/.rbenv/versions/2.1.2/lib/ruby/gems/2.1.0/gems/actionpack-4.1.7/lib/action_dispatch/middleware/templates/rescues/_request_and_response.html.erb (0.6ms)
  Rendered /home/vagrant/.rbenv/versions/2.1.2/lib/ruby/gems/2.1.0/gems/actionpack-4.1.7/lib/action_dispatch/middleware/templates/rescues/diagnostics.erb within rescues/layout (12.0ms)


Started GET "/" for 192.168.33.1 at 2014-11-12 00:00:16 +0900

ActiveRecord::NoDatabaseError (FATAL:  role "vagrant" does not exist
Run `$ bin/rake db:create db:migrate` to create your database):
  activerecord (4.1.7) lib/active_record/connection_adapters/postgresql_adapter.rb:898:in `rescue in connect'
  activerecord (4.1.7) lib/active_record/connection_adapters/postgresql_adapter.rb:888:in `connect'
  activerecord (4.1.7) lib/active_record/connection_adapters/postgresql_adapter.rb:568:in `initialize'
  activerecord (4.1.7) lib/active_record/connection_adapters/postgresql_adapter.rb:41:in `new'
  activerecord (4.1.7) lib/active_record/connection_adapters/postgresql_adapter.rb:41:in `postgresql_connection'
  activerecord (4.1.7) lib/active_record/connection_adapters/abstract/connection_pool.rb:435:in `new_connection'
  activerecord (4.1.7) lib/active_record/connection_adapters/abstract/connection_pool.rb:445:in `checkout_new_connection'
  activerecord (4.1.7) lib/active_record/connection_adapters/abstract/connection_pool.rb:416:in `acquire_connection'
  activerecord (4.1.7) lib/active_record/connection_adapters/abstract/connection_pool.rb:351:in `block in checkout'
  /home/vagrant/.rbenv/versions/2.1.2/lib/ruby/2.1.0/monitor.rb:211:in `mon_synchronize'
  activerecord (4.1.7) lib/active_record/connection_adapters/abstract/connection_pool.rb:350:in `checkout'
  activerecord (4.1.7) lib/active_record/connection_adapters/abstract/connection_pool.rb:265:in `block in connection'
  /home/vagrant/.rbenv/versions/2.1.2/lib/ruby/2.1.0/monitor.rb:211:in `mon_synchronize'
  activerecord (4.1.7) lib/active_record/connection_adapters/abstract/connection_pool.rb:264:in `connection'
  activerecord (4.1.7) lib/active_record/connection_adapters/abstract/connection_pool.rb:541:in `retrieve_connection'
  activerecord (4.1.7) lib/active_record/connection_handling.rb:113:in `retrieve_connection'
  activerecord (4.1.7) lib/active_record/connection_handling.rb:87:in `connection'
  activerecord (4.1.7) lib/active_record/query_cache.rb:51:in `restore_query_cache_settings'
  activerecord (4.1.7) lib/active_record/query_cache.rb:43:in `rescue in call'
  activerecord (4.1.7) lib/active_record/query_cache.rb:32:in `call'
  activerecord (4.1.7) lib/active_record/connection_adapters/abstract/connection_pool.rb:621:in `call'
  activerecord (4.1.7) lib/active_record/migration.rb:380:in `call'
  actionpack (4.1.7) lib/action_dispatch/middleware/callbacks.rb:29:in `block in call'
  activesupport (4.1.7) lib/active_support/callbacks.rb:82:in `run_callbacks'
  actionpack (4.1.7) lib/action_dispatch/middleware/callbacks.rb:27:in `call'
  actionpack (4.1.7) lib/action_dispatch/middleware/reloader.rb:73:in `call'
  actionpack (4.1.7) lib/action_dispatch/middleware/remote_ip.rb:76:in `call'
  actionpack (4.1.7) lib/action_dispatch/middleware/debug_exceptions.rb:17:in `call'
  actionpack (4.1.7) lib/action_dispatch/middleware/show_exceptions.rb:30:in `call'
  railties (4.1.7) lib/rails/rack/logger.rb:38:in `call_app'
  railties (4.1.7) lib/rails/rack/logger.rb:20:in `block in call'
  activesupport (4.1.7) lib/active_support/tagged_logging.rb:68:in `block in tagged'
  activesupport (4.1.7) lib/active_support/tagged_logging.rb:26:in `tagged'
  activesupport (4.1.7) lib/active_support/tagged_logging.rb:68:in `tagged'
  railties (4.1.7) lib/rails/rack/logger.rb:20:in `call'
  actionpack (4.1.7) lib/action_dispatch/middleware/request_id.rb:21:in `call'
  rack (1.5.2) lib/rack/methodoverride.rb:21:in `call'
  rack (1.5.2) lib/rack/runtime.rb:17:in `call'
  activesupport (4.1.7) lib/active_support/cache/strategy/local_cache_middleware.rb:26:in `call'
  rack (1.5.2) lib/rack/lock.rb:17:in `call'
  actionpack (4.1.7) lib/action_dispatch/middleware/static.rb:84:in `call'
  rack (1.5.2) lib/rack/sendfile.rb:112:in `call'
  railties (4.1.7) lib/rails/engine.rb:514:in `call'
  railties (4.1.7) lib/rails/application.rb:144:in `call'
  passenger (4.0.53) lib/phusion_passenger/rack/thread_handler_extension.rb:74:in `process_request'
  passenger (4.0.53) lib/phusion_passenger/request_handler/thread_handler.rb:141:in `accept_and_process_next_request'
  passenger (4.0.53) lib/phusion_passenger/request_handler/thread_handler.rb:109:in `main_loop'
  passenger (4.0.53) lib/phusion_passenger/request_handler.rb:455:in `block (3 levels) in start_threads'


  Rendered /home/vagrant/.rbenv/versions/2.1.2/lib/ruby/gems/2.1.0/gems/actionpack-4.1.7/lib/action_dispatch/middleware/templates/rescues/_source.erb (0.4ms)
  Rendered /home/vagrant/.rbenv/versions/2.1.2/lib/ruby/gems/2.1.0/gems/actionpack-4.1.7/lib/action_dispatch/middleware/templates/rescues/_trace.html.erb (0.9ms)
  Rendered /home/vagrant/.rbenv/versions/2.1.2/lib/ruby/gems/2.1.0/gems/actionpack-4.1.7/lib/action_dispatch/middleware/templates/rescues/_request_and_response.html.erb (0.6ms)
  Rendered /home/vagrant/.rbenv/versions/2.1.2/lib/ruby/gems/2.1.0/gems/actionpack-4.1.7/lib/action_dispatch/middleware/templates/rescues/diagnostics.erb within rescues/layout (13.0ms)


Started GET "/" for 192.168.33.1 at 2014-11-12 00:02:06 +0900

ActiveRecord::NoDatabaseError (FATAL:  role "vagrant" does not exist
Run `$ bin/rake db:create db:migrate` to create your database):
  activerecord (4.1.7) lib/active_record/connection_adapters/postgresql_adapter.rb:898:in `rescue in connect'
  activerecord (4.1.7) lib/active_record/connection_adapters/postgresql_adapter.rb:888:in `connect'
  activerecord (4.1.7) lib/active_record/connection_adapters/postgresql_adapter.rb:568:in `initialize'
  activerecord (4.1.7) lib/active_record/connection_adapters/postgresql_adapter.rb:41:in `new'
  activerecord (4.1.7) lib/active_record/connection_adapters/postgresql_adapter.rb:41:in `postgresql_connection'
  activerecord (4.1.7) lib/active_record/connection_adapters/abstract/connection_pool.rb:435:in `new_connection'
  activerecord (4.1.7) lib/active_record/connection_adapters/abstract/connection_pool.rb:445:in `checkout_new_connection'
  activerecord (4.1.7) lib/active_record/connection_adapters/abstract/connection_pool.rb:416:in `acquire_connection'
  activerecord (4.1.7) lib/active_record/connection_adapters/abstract/connection_pool.rb:351:in `block in checkout'
  /home/vagrant/.rbenv/versions/2.1.2/lib/ruby/2.1.0/monitor.rb:211:in `mon_synchronize'
  activerecord (4.1.7) lib/active_record/connection_adapters/abstract/connection_pool.rb:350:in `checkout'
  activerecord (4.1.7) lib/active_record/connection_adapters/abstract/connection_pool.rb:265:in `block in connection'
  /home/vagrant/.rbenv/versions/2.1.2/lib/ruby/2.1.0/monitor.rb:211:in `mon_synchronize'
  activerecord (4.1.7) lib/active_record/connection_adapters/abstract/connection_pool.rb:264:in `connection'
  activerecord (4.1.7) lib/active_record/connection_adapters/abstract/connection_pool.rb:541:in `retrieve_connection'
  activerecord (4.1.7) lib/active_record/connection_handling.rb:113:in `retrieve_connection'
  activerecord (4.1.7) lib/active_record/connection_handling.rb:87:in `connection'
  activerecord (4.1.7) lib/active_record/query_cache.rb:51:in `restore_query_cache_settings'
  activerecord (4.1.7) lib/active_record/query_cache.rb:43:in `rescue in call'
  activerecord (4.1.7) lib/active_record/query_cache.rb:32:in `call'
  activerecord (4.1.7) lib/active_record/connection_adapters/abstract/connection_pool.rb:621:in `call'
  activerecord (4.1.7) lib/active_record/migration.rb:380:in `call'
  actionpack (4.1.7) lib/action_dispatch/middleware/callbacks.rb:29:in `block in call'
  activesupport (4.1.7) lib/active_support/callbacks.rb:82:in `run_callbacks'
  actionpack (4.1.7) lib/action_dispatch/middleware/callbacks.rb:27:in `call'
  actionpack (4.1.7) lib/action_dispatch/middleware/reloader.rb:73:in `call'
  actionpack (4.1.7) lib/action_dispatch/middleware/remote_ip.rb:76:in `call'
  actionpack (4.1.7) lib/action_dispatch/middleware/debug_exceptions.rb:17:in `call'
  actionpack (4.1.7) lib/action_dispatch/middleware/show_exceptions.rb:30:in `call'
  railties (4.1.7) lib/rails/rack/logger.rb:38:in `call_app'
  railties (4.1.7) lib/rails/rack/logger.rb:20:in `block in call'
  activesupport (4.1.7) lib/active_support/tagged_logging.rb:68:in `block in tagged'
  activesupport (4.1.7) lib/active_support/tagged_logging.rb:26:in `tagged'
  activesupport (4.1.7) lib/active_support/tagged_logging.rb:68:in `tagged'
  railties (4.1.7) lib/rails/rack/logger.rb:20:in `call'
  actionpack (4.1.7) lib/action_dispatch/middleware/request_id.rb:21:in `call'
  rack (1.5.2) lib/rack/methodoverride.rb:21:in `call'
  rack (1.5.2) lib/rack/runtime.rb:17:in `call'
  activesupport (4.1.7) lib/active_support/cache/strategy/local_cache_middleware.rb:26:in `call'
  rack (1.5.2) lib/rack/lock.rb:17:in `call'
  actionpack (4.1.7) lib/action_dispatch/middleware/static.rb:84:in `call'
  rack (1.5.2) lib/rack/sendfile.rb:112:in `call'
  railties (4.1.7) lib/rails/engine.rb:514:in `call'
  railties (4.1.7) lib/rails/application.rb:144:in `call'
  passenger (4.0.53) lib/phusion_passenger/rack/thread_handler_extension.rb:74:in `process_request'
  passenger (4.0.53) lib/phusion_passenger/request_handler/thread_handler.rb:141:in `accept_and_process_next_request'
  passenger (4.0.53) lib/phusion_passenger/request_handler/thread_handler.rb:109:in `main_loop'
  passenger (4.0.53) lib/phusion_passenger/request_handler.rb:455:in `block (3 levels) in start_threads'


  Rendered /home/vagrant/.rbenv/versions/2.1.2/lib/ruby/gems/2.1.0/gems/actionpack-4.1.7/lib/action_dispatch/middleware/templates/rescues/_source.erb (0.6ms)
  Rendered /home/vagrant/.rbenv/versions/2.1.2/lib/ruby/gems/2.1.0/gems/actionpack-4.1.7/lib/action_dispatch/middleware/templates/rescues/_trace.html.erb (0.6ms)
  Rendered /home/vagrant/.rbenv/versions/2.1.2/lib/ruby/gems/2.1.0/gems/actionpack-4.1.7/lib/action_dispatch/middleware/templates/rescues/_request_and_response.html.erb (0.5ms)
  Rendered /home/vagrant/.rbenv/versions/2.1.2/lib/ruby/gems/2.1.0/gems/actionpack-4.1.7/lib/action_dispatch/middleware/templates/rescues/diagnostics.erb within rescues/layout (10.7ms)


Started GET "/" for 192.168.33.1 at 2014-11-12 00:04:39 +0900

ActiveRecord::NoDatabaseError (FATAL:  role "vagrant" does not exist
Run `$ bin/rake db:create db:migrate` to create your database):
  activerecord (4.1.7) lib/active_record/connection_adapters/postgresql_adapter.rb:898:in `rescue in connect'
  activerecord (4.1.7) lib/active_record/connection_adapters/postgresql_adapter.rb:888:in `connect'
  activerecord (4.1.7) lib/active_record/connection_adapters/postgresql_adapter.rb:568:in `initialize'
  activerecord (4.1.7) lib/active_record/connection_adapters/postgresql_adapter.rb:41:in `new'
  activerecord (4.1.7) lib/active_record/connection_adapters/postgresql_adapter.rb:41:in `postgresql_connection'
  activerecord (4.1.7) lib/active_record/connection_adapters/abstract/connection_pool.rb:435:in `new_connection'
  activerecord (4.1.7) lib/active_record/connection_adapters/abstract/connection_pool.rb:445:in `checkout_new_connection'
  activerecord (4.1.7) lib/active_record/connection_adapters/abstract/connection_pool.rb:416:in `acquire_connection'
  activerecord (4.1.7) lib/active_record/connection_adapters/abstract/connection_pool.rb:351:in `block in checkout'
  /home/vagrant/.rbenv/versions/2.1.2/lib/ruby/2.1.0/monitor.rb:211:in `mon_synchronize'
  activerecord (4.1.7) lib/active_record/connection_adapters/abstract/connection_pool.rb:350:in `checkout'
  activerecord (4.1.7) lib/active_record/connection_adapters/abstract/connection_pool.rb:265:in `block in connection'
  /home/vagrant/.rbenv/versions/2.1.2/lib/ruby/2.1.0/monitor.rb:211:in `mon_synchronize'
  activerecord (4.1.7) lib/active_record/connection_adapters/abstract/connection_pool.rb:264:in `connection'
  activerecord (4.1.7) lib/active_record/connection_adapters/abstract/connection_pool.rb:541:in `retrieve_connection'
  activerecord (4.1.7) lib/active_record/connection_handling.rb:113:in `retrieve_connection'
  activerecord (4.1.7) lib/active_record/connection_handling.rb:87:in `connection'
  activerecord (4.1.7) lib/active_record/query_cache.rb:51:in `restore_query_cache_settings'
  activerecord (4.1.7) lib/active_record/query_cache.rb:43:in `rescue in call'
  activerecord (4.1.7) lib/active_record/query_cache.rb:32:in `call'
  activerecord (4.1.7) lib/active_record/connection_adapters/abstract/connection_pool.rb:621:in `call'
  activerecord (4.1.7) lib/active_record/migration.rb:380:in `call'
  actionpack (4.1.7) lib/action_dispatch/middleware/callbacks.rb:29:in `block in call'
  activesupport (4.1.7) lib/active_support/callbacks.rb:82:in `run_callbacks'
  actionpack (4.1.7) lib/action_dispatch/middleware/callbacks.rb:27:in `call'
  actionpack (4.1.7) lib/action_dispatch/middleware/reloader.rb:73:in `call'
  actionpack (4.1.7) lib/action_dispatch/middleware/remote_ip.rb:76:in `call'
  actionpack (4.1.7) lib/action_dispatch/middleware/debug_exceptions.rb:17:in `call'
  actionpack (4.1.7) lib/action_dispatch/middleware/show_exceptions.rb:30:in `call'
  railties (4.1.7) lib/rails/rack/logger.rb:38:in `call_app'
  railties (4.1.7) lib/rails/rack/logger.rb:20:in `block in call'
  activesupport (4.1.7) lib/active_support/tagged_logging.rb:68:in `block in tagged'
  activesupport (4.1.7) lib/active_support/tagged_logging.rb:26:in `tagged'
  activesupport (4.1.7) lib/active_support/tagged_logging.rb:68:in `tagged'
  railties (4.1.7) lib/rails/rack/logger.rb:20:in `call'
  actionpack (4.1.7) lib/action_dispatch/middleware/request_id.rb:21:in `call'
  rack (1.5.2) lib/rack/methodoverride.rb:21:in `call'
  rack (1.5.2) lib/rack/runtime.rb:17:in `call'
  activesupport (4.1.7) lib/active_support/cache/strategy/local_cache_middleware.rb:26:in `call'
  rack (1.5.2) lib/rack/lock.rb:17:in `call'
  actionpack (4.1.7) lib/action_dispatch/middleware/static.rb:84:in `call'
  rack (1.5.2) lib/rack/sendfile.rb:112:in `call'
  railties (4.1.7) lib/rails/engine.rb:514:in `call'
  railties (4.1.7) lib/rails/application.rb:144:in `call'
  passenger (4.0.53) lib/phusion_passenger/rack/thread_handler_extension.rb:74:in `process_request'
  passenger (4.0.53) lib/phusion_passenger/request_handler/thread_handler.rb:141:in `accept_and_process_next_request'
  passenger (4.0.53) lib/phusion_passenger/request_handler/thread_handler.rb:109:in `main_loop'
  passenger (4.0.53) lib/phusion_passenger/request_handler.rb:455:in `block (3 levels) in start_threads'


  Rendered /home/vagrant/.rbenv/versions/2.1.2/lib/ruby/gems/2.1.0/gems/actionpack-4.1.7/lib/action_dispatch/middleware/templates/rescues/_source.erb (0.3ms)
  Rendered /home/vagrant/.rbenv/versions/2.1.2/lib/ruby/gems/2.1.0/gems/actionpack-4.1.7/lib/action_dispatch/middleware/templates/rescues/_trace.html.erb (0.7ms)
  Rendered /home/vagrant/.rbenv/versions/2.1.2/lib/ruby/gems/2.1.0/gems/actionpack-4.1.7/lib/action_dispatch/middleware/templates/rescues/_request_and_response.html.erb (0.6ms)
  Rendered /home/vagrant/.rbenv/versions/2.1.2/lib/ruby/gems/2.1.0/gems/actionpack-4.1.7/lib/action_dispatch/middleware/templates/rescues/diagnostics.erb within rescues/layout (11.3ms)


Started GET "/" for 192.168.33.1 at 2014-11-12 00:04:42 +0900

ActiveRecord::NoDatabaseError (FATAL:  role "vagrant" does not exist
Run `$ bin/rake db:create db:migrate` to create your database):
  activerecord (4.1.7) lib/active_record/connection_adapters/postgresql_adapter.rb:898:in `rescue in connect'
  activerecord (4.1.7) lib/active_record/connection_adapters/postgresql_adapter.rb:888:in `connect'
  activerecord (4.1.7) lib/active_record/connection_adapters/postgresql_adapter.rb:568:in `initialize'
  activerecord (4.1.7) lib/active_record/connection_adapters/postgresql_adapter.rb:41:in `new'
  activerecord (4.1.7) lib/active_record/connection_adapters/postgresql_adapter.rb:41:in `postgresql_connection'
  activerecord (4.1.7) lib/active_record/connection_adapters/abstract/connection_pool.rb:435:in `new_connection'
  activerecord (4.1.7) lib/active_record/connection_adapters/abstract/connection_pool.rb:445:in `checkout_new_connection'
  activerecord (4.1.7) lib/active_record/connection_adapters/abstract/connection_pool.rb:416:in `acquire_connection'
  activerecord (4.1.7) lib/active_record/connection_adapters/abstract/connection_pool.rb:351:in `block in checkout'
  /home/vagrant/.rbenv/versions/2.1.2/lib/ruby/2.1.0/monitor.rb:211:in `mon_synchronize'
  activerecord (4.1.7) lib/active_record/connection_adapters/abstract/connection_pool.rb:350:in `checkout'
  activerecord (4.1.7) lib/active_record/connection_adapters/abstract/connection_pool.rb:265:in `block in connection'
  /home/vagrant/.rbenv/versions/2.1.2/lib/ruby/2.1.0/monitor.rb:211:in `mon_synchronize'
  activerecord (4.1.7) lib/active_record/connection_adapters/abstract/connection_pool.rb:264:in `connection'
  activerecord (4.1.7) lib/active_record/connection_adapters/abstract/connection_pool.rb:541:in `retrieve_connection'
  activerecord (4.1.7) lib/active_record/connection_handling.rb:113:in `retrieve_connection'
  activerecord (4.1.7) lib/active_record/connection_handling.rb:87:in `connection'
  activerecord (4.1.7) lib/active_record/query_cache.rb:51:in `restore_query_cache_settings'
  activerecord (4.1.7) lib/active_record/query_cache.rb:43:in `rescue in call'
  activerecord (4.1.7) lib/active_record/query_cache.rb:32:in `call'
  activerecord (4.1.7) lib/active_record/connection_adapters/abstract/connection_pool.rb:621:in `call'
  activerecord (4.1.7) lib/active_record/migration.rb:380:in `call'
  actionpack (4.1.7) lib/action_dispatch/middleware/callbacks.rb:29:in `block in call'
  activesupport (4.1.7) lib/active_support/callbacks.rb:82:in `run_callbacks'
  actionpack (4.1.7) lib/action_dispatch/middleware/callbacks.rb:27:in `call'
  actionpack (4.1.7) lib/action_dispatch/middleware/reloader.rb:73:in `call'
  actionpack (4.1.7) lib/action_dispatch/middleware/remote_ip.rb:76:in `call'
  actionpack (4.1.7) lib/action_dispatch/middleware/debug_exceptions.rb:17:in `call'
  actionpack (4.1.7) lib/action_dispatch/middleware/show_exceptions.rb:30:in `call'
  railties (4.1.7) lib/rails/rack/logger.rb:38:in `call_app'
  railties (4.1.7) lib/rails/rack/logger.rb:20:in `block in call'
  activesupport (4.1.7) lib/active_support/tagged_logging.rb:68:in `block in tagged'
  activesupport (4.1.7) lib/active_support/tagged_logging.rb:26:in `tagged'
  activesupport (4.1.7) lib/active_support/tagged_logging.rb:68:in `tagged'
  railties (4.1.7) lib/rails/rack/logger.rb:20:in `call'
  actionpack (4.1.7) lib/action_dispatch/middleware/request_id.rb:21:in `call'
  rack (1.5.2) lib/rack/methodoverride.rb:21:in `call'
  rack (1.5.2) lib/rack/runtime.rb:17:in `call'
  activesupport (4.1.7) lib/active_support/cache/strategy/local_cache_middleware.rb:26:in `call'
  rack (1.5.2) lib/rack/lock.rb:17:in `call'
  actionpack (4.1.7) lib/action_dispatch/middleware/static.rb:84:in `call'
  rack (1.5.2) lib/rack/sendfile.rb:112:in `call'
  railties (4.1.7) lib/rails/engine.rb:514:in `call'
  railties (4.1.7) lib/rails/application.rb:144:in `call'
  passenger (4.0.53) lib/phusion_passenger/rack/thread_handler_extension.rb:74:in `process_request'
  passenger (4.0.53) lib/phusion_passenger/request_handler/thread_handler.rb:141:in `accept_and_process_next_request'
  passenger (4.0.53) lib/phusion_passenger/request_handler/thread_handler.rb:109:in `main_loop'
  passenger (4.0.53) lib/phusion_passenger/request_handler.rb:455:in `block (3 levels) in start_threads'


  Rendered /home/vagrant/.rbenv/versions/2.1.2/lib/ruby/gems/2.1.0/gems/actionpack-4.1.7/lib/action_dispatch/middleware/templates/rescues/_source.erb (0.2ms)
  Rendered /home/vagrant/.rbenv/versions/2.1.2/lib/ruby/gems/2.1.0/gems/actionpack-4.1.7/lib/action_dispatch/middleware/templates/rescues/_trace.html.erb (0.8ms)
  Rendered /home/vagrant/.rbenv/versions/2.1.2/lib/ruby/gems/2.1.0/gems/actionpack-4.1.7/lib/action_dispatch/middleware/templates/rescues/_request_and_response.html.erb (0.6ms)
  Rendered /home/vagrant/.rbenv/versions/2.1.2/lib/ruby/gems/2.1.0/gems/actionpack-4.1.7/lib/action_dispatch/middleware/templates/rescues/diagnostics.erb within rescues/layout (11.3ms)


Started GET "/" for 192.168.33.1 at 2014-11-12 00:12:36 +0900
Processing by Rails::WelcomeController#index as HTML
  Rendered /home/vagrant/.rbenv/versions/2.1.2/lib/ruby/gems/2.1.0/gems/railties-4.1.7/lib/rails/templates/rails/welcome/index.html.erb (0.6ms)
Completed 200 OK in 21ms (Views: 3.8ms | ActiveRecord: 0.0ms)


Started GET "/" for 192.168.33.1 at 2014-11-12 00:29:58 +0900
Processing by Rails::WelcomeController#index as HTML
  Rendered /home/vagrant/.rbenv/versions/2.1.2/lib/ruby/gems/2.1.0/gems/railties-4.1.7/lib/rails/templates/rails/welcome/index.html.erb (0.0ms)
Completed 200 OK in 2ms (Views: 1.8ms | ActiveRecord: 0.0ms)


Started GET "/" for 192.168.33.1 at 2014-11-12 13:09:49 +0900
Processing by Rails::WelcomeController#index as HTML
  Rendered /home/vagrant/.rbenv/versions/2.1.2/lib/ruby/gems/2.1.0/gems/railties-4.1.7/lib/rails/templates/rails/welcome/index.html.erb (4.3ms)
Completed 200 OK in 39ms (Views: 18.1ms | ActiveRecord: 0.0ms)


Started GET "/" for 192.168.33.1 at 2014-11-12 13:12:08 +0900
Processing by Rails::WelcomeController#index as HTML
  Rendered /home/vagrant/.rbenv/versions/2.1.2/lib/ruby/gems/2.1.0/gems/railties-4.1.7/lib/rails/templates/rails/welcome/index.html.erb (2.6ms)
Completed 200 OK in 33ms (Views: 15.1ms | ActiveRecord: 0.0ms)


Started GET "/" for 192.168.33.1 at 2014-11-12 13:12:17 +0900
Processing by Rails::WelcomeController#index as HTML
  Rendered /home/vagrant/.rbenv/versions/2.1.2/lib/ruby/gems/2.1.0/gems/railties-4.1.7/lib/rails/templates/rails/welcome/index.html.erb (0.0ms)
Completed 200 OK in 1ms (Views: 0.4ms | ActiveRecord: 0.0ms)
  [1m[36m (21.8ms)[0m  [1mCREATE TABLE "schema_migrations" ("version" character varying(255) NOT NULL) [0m
  [1m[35m (5.8ms)[0m  CREATE UNIQUE INDEX  "unique_schema_migrations" ON "schema_migrations"  ("version")
  [1m[36mActiveRecord::SchemaMigration Load (0.2ms)[0m  [1mSELECT "schema_migrations".* FROM "schema_migrations"[0m
